Using pre-set license
Built from '2022.3/release' branch; Version is '2022.3.61f1 (6c53ebaf375d) revision 7099371'; Using compiler version '192829333'; Build Type 'Release'
OS: 'Windows 11  (10.0.26100) 64bit Professional' Language: 'pt' Physical Memory: 16310 MB
BatchMode: 1, IsHumanControllingUs: 0, StartBugReporterOnCrash: 0, Is64bit: 1, IsPro: 1

COMMAND LINE ARGUMENTS:
C:\Program Files\Unity\Hub\Editor\2022.3.61f1\Editor\Unity.exe
-adb2
-batchMode
-noUpm
-name
AssetImportWorker2
-projectPath
C:/Repos/EatingFrenzy/eating-frenzy
-logFile
Logs/AssetImportWorker2.log
-srvPort
56008
Successfully changed project path to: C:/Repos/EatingFrenzy/eating-frenzy
C:/Repos/EatingFrenzy/eating-frenzy
[UnityMemory] Configuration Parameters - Can be set up in boot.config
    "memorysetup-bucket-allocator-granularity=16"
    "memorysetup-bucket-allocator-bucket-count=8"
    "memorysetup-bucket-allocator-block-size=33554432"
    "memorysetup-bucket-allocator-block-count=8"
    "memorysetup-main-allocator-block-size=16777216"
    "memorysetup-thread-allocator-block-size=16777216"
    "memorysetup-gfx-main-allocator-block-size=16777216"
    "memorysetup-gfx-thread-allocator-block-size=16777216"
    "memorysetup-cache-allocator-block-size=4194304"
    "memorysetup-typetree-allocator-block-size=2097152"
    "memorysetup-profiler-bucket-allocator-granularity=16"
    "memorysetup-profiler-bucket-allocator-bucket-count=8"
    "memorysetup-profiler-bucket-allocator-block-size=33554432"
    "memorysetup-profiler-bucket-allocator-block-count=8"
    "memorysetup-profiler-allocator-block-size=16777216"
    "memorysetup-profiler-editor-allocator-block-size=1048576"
    "memorysetup-temp-allocator-size-main=16777216"
    "memorysetup-job-temp-allocator-block-size=2097152"
    "memorysetup-job-temp-allocator-block-size-background=1048576"
    "memorysetup-job-temp-allocator-reduction-small-platforms=262144"
    "memorysetup-allocator-temp-initial-block-size-main=262144"
    "memorysetup-allocator-temp-initial-block-size-worker=262144"
    "memorysetup-temp-allocator-size-background-worker=32768"
    "memorysetup-temp-allocator-size-job-worker=262144"
    "memorysetup-temp-allocator-size-preload-manager=33554432"
    "memorysetup-temp-allocator-size-nav-mesh-worker=65536"
    "memorysetup-temp-allocator-size-audio-worker=65536"
    "memorysetup-temp-allocator-size-cloud-worker=32768"
    "memorysetup-temp-allocator-size-gi-baking-worker=262144"
    "memorysetup-temp-allocator-size-gfx=262144"
Player connection [13692]  Target information:

Player connection [13692]  * "[IP] 192.168.1.53 [Port] 0 [Flags] 2 [Guid] 1383550171 [EditorId] 1383550171 [Version] 1048832 [Id] WindowsEditor(7,DESKTOP-A9PD2MC) [Debug] 1 [PackageName] WindowsEditor [ProjectName] Editor" 

Player connection [13692] Host joined multi-casting on [225.0.0.222:54997]...
Player connection [13692] Host joined alternative multi-casting on [225.0.0.222:34997]...
Input System module state changed to: Initialized.
[PhysX] Initialized MultithreadedTaskDispatcher with 12 workers.
Refreshing native plugins compatible for Editor in 12.91 ms, found 3 plugins.
Preloading 0 native plugins for Editor in 0.00 ms.
Initialize engine version: 2022.3.61f1 (6c53ebaf375d)
[Subsystems] Discovering subsystems at path C:/Program Files/Unity/Hub/Editor/2022.3.61f1/Editor/Data/Resources/UnitySubsystems
[Subsystems] Discovering subsystems at path C:/Repos/EatingFrenzy/eating-frenzy/Assets
GfxDevice: creating device client; threaded=0; jobified=0
Direct3D:
    Version:  Direct3D 11.0 [level 11.1]
    Renderer: NVIDIA GeForce RTX 3070 Ti (ID=0x2482)
    Vendor:   NVIDIA
    VRAM:     8018 MB
    Driver:   32.0.15.6636
Initialize mono
Mono path[0] = 'C:/Program Files/Unity/Hub/Editor/2022.3.61f1/Editor/Data/Managed'
Mono path[1] = 'C:/Program Files/Unity/Hub/Editor/2022.3.61f1/Editor/Data/MonoBleedingEdge/lib/mono/unityjit-win32'
Mono config path = 'C:/Program Files/Unity/Hub/Editor/2022.3.61f1/Editor/Data/MonoBleedingEdge/etc'
Using monoOptions --debugger-agent=transport=dt_socket,embedding=1,server=y,suspend=n,address=127.0.0.1:56232
Begin MonoManager ReloadAssembly
Registering precompiled unity dll's ...
Register platform support module: C:/Program Files/Unity/Hub/Editor/2022.3.61f1/Editor/Data/PlaybackEngines/WebGLSupport/UnityEditor.WebGL.Extensions.dll
Register platform support module: C:/Program Files/Unity/Hub/Editor/2022.3.61f1/Editor/Data/PlaybackEngines/AndroidPlayer/UnityEditor.Android.Extensions.dll
Register platform support module: C:/Program Files/Unity/Hub/Editor/2022.3.61f1/Editor/Data/PlaybackEngines/WindowsStandaloneSupport/UnityEditor.WindowsStandalone.Extensions.dll
Register platform support module: C:/Program Files/Unity/Hub/Editor/2022.3.61f1/Editor/Data/PlaybackEngines/MetroSupport/UnityEditor.UWP.Extensions.dll
Registered in 0.015518 seconds.
- Loaded All Assemblies, in  0.343 seconds
Native extension for UWP target not found
Native extension for WindowsStandalone target not found
Native extension for Android target not found
Android Extension - Scanning For ADB Devices 247 ms
Native extension for WebGL target not found
Mono: successfully reloaded assembly
- Finished resetting the current domain, in  0.510 seconds
Domain Reload Profiling: 851ms
	BeginReloadAssembly (107ms)
		ExecutionOrderSort (0ms)
		DisableScriptedObjects (0ms)
		BackupInstance (0ms)
		ReleaseScriptingObjects (0ms)
		CreateAndSetChildDomain (1ms)
	RebuildCommonClasses (31ms)
	RebuildNativeTypeToScriptingClass (12ms)
	initialDomainReloadingComplete (63ms)
	LoadAllAssembliesAndSetupDomain (128ms)
		LoadAssemblies (105ms)
		RebuildTransferFunctionScriptingTraits (0ms)
		AnalyzeDomain (125ms)
			TypeCache.Refresh (124ms)
				TypeCache.ScanAssembly (112ms)
			ScanForSourceGeneratedMonoScriptInfo (0ms)
			ResolveRequiredComponents (0ms)
	FinalizeReload (511ms)
		ReleaseScriptCaches (0ms)
		RebuildScriptCaches (0ms)
		SetupLoadedEditorAssemblies (475ms)
			LogAssemblyErrors (0ms)
			InitializePlatformSupportModulesInManaged (340ms)
			SetLoadedEditorAssemblies (3ms)
			RefreshPlugins (0ms)
			BeforeProcessingInitializeOnLoad (2ms)
			ProcessInitializeOnLoadAttributes (93ms)
			ProcessInitializeOnLoadMethodAttributes (36ms)
			AfterProcessingInitializeOnLoad (0ms)
			EditorAssembliesLoaded (0ms)
		ExecutionOrderSort2 (0ms)
		AwakeInstancesAfterBackupRestoration (0ms)
========================================================================
Worker process is ready to serve import requests
Caller must complete domain reload
Begin MonoManager ReloadAssembly
- Loaded All Assemblies, in  0.552 seconds
Native extension for UWP target not found
Native extension for WindowsStandalone target not found
Native extension for Android target not found
Native extension for WebGL target not found
Mono: successfully reloaded assembly
Package Manager log level set to [2]
[Package Manager] Server::EnsureServerProcessIsRunning -- launch failed, reason: Unity was launched with the -noUpm command-line argument
[Package Manager] UpmClient::Send -- Unable to send message (not connected to UPM process).
[Package Manager] Cannot connect to Unity Package Manager local server
[Package Manager] Server::EnsureServerProcessIsRunning -- launch failed, reason: Unity was launched with the -noUpm command-line argument
[Package Manager] UpmClient::Send -- Unable to send message (not connected to UPM process).
[Package Manager] Cannot connect to Unity Package Manager local server
- Finished resetting the current domain, in  0.557 seconds
Domain Reload Profiling: 1104ms
	BeginReloadAssembly (127ms)
		ExecutionOrderSort (0ms)
		DisableScriptedObjects (4ms)
		BackupInstance (0ms)
		ReleaseScriptingObjects (0ms)
		CreateAndSetChildDomain (20ms)
	RebuildCommonClasses (27ms)
	RebuildNativeTypeToScriptingClass (8ms)
	initialDomainReloadingComplete (36ms)
	LoadAllAssembliesAndSetupDomain (347ms)
		LoadAssemblies (286ms)
		RebuildTransferFunctionScriptingTraits (0ms)
		AnalyzeDomain (137ms)
			TypeCache.Refresh (115ms)
				TypeCache.ScanAssembly (101ms)
			ScanForSourceGeneratedMonoScriptInfo (16ms)
			ResolveRequiredComponents (5ms)
	FinalizeReload (558ms)
		ReleaseScriptCaches (0ms)
		RebuildScriptCaches (0ms)
		SetupLoadedEditorAssemblies (431ms)
			LogAssemblyErrors (0ms)
			InitializePlatformSupportModulesInManaged (24ms)
			SetLoadedEditorAssemblies (2ms)
			RefreshPlugins (0ms)
			BeforeProcessingInitializeOnLoad (65ms)
			ProcessInitializeOnLoadAttributes (311ms)
			ProcessInitializeOnLoadMethodAttributes (19ms)
			AfterProcessingInitializeOnLoad (9ms)
			EditorAssembliesLoaded (0ms)
		ExecutionOrderSort2 (0ms)
		AwakeInstancesAfterBackupRestoration (7ms)
Launched and connected shader compiler UnityShaderCompiler.exe after 0.05 seconds
Refreshing native plugins compatible for Editor in 8.31 ms, found 3 plugins.
Preloading 0 native plugins for Editor in 0.00 ms.
Unloading 4419 Unused Serialized files (Serialized files now loaded: 0)
Unloading 46 unused Assets / (1.9 MB). Loaded Objects now: 4891.
Memory consumption went from 243.1 MB to 241.2 MB.
Total: 3.781300 ms (FindLiveObjects: 0.311500 ms CreateObjectMapping: 0.110200 ms MarkObjects: 2.943300 ms  DeleteObjects: 0.415300 ms)

AssetImportParameters requested are different than current active one (requested -> active):
  custom:scripting/monoscript/fileName/NextLevelLabel.cs: e4d48f7c4a1060c650d072a240a21510 -> 
  custom:container-demuxer-ogg: 62fdf1f143b41e24485cea50d1cbac27 -> 
  custom:video-codec-MediaFoundation-h265: e54d7ab0439102e2317fc1e4b246158d -> 
  custom:video-decoder-ogg-theora: a1e56fd34408186e4bbccfd4996cb3dc -> 
  custom:scripting/monoscript/fileName/PointsLabel.cs: 0417341688b9eff1c614ad95ab10c135 -> 
  custom:framework-win-MediaFoundation: 216162199b28c13a410421893ffa2e32 -> 
  custom:CustomObjectIndexerAttribute: 9a22284fe3817be447336de3de66b15e -> 
  custom:container-demuxer-webm: 4f35f7cbe854078d1ac9338744f61a02 -> 
  custom:container-muxer-webm: aa71ff27fc2769a1b78a27578f13a17b -> 
  custom:video-decoder-webm-vp8: 9c59270c3fd7afecdb556c50c9e8de78 -> 
  custom:SearchIndexIgnoredProperties: e643bd26f0fe6173181afceb89e7c659 -> 
  custom:AudioImporter_EditorPlatform: d09bf68614088b80899f8185d706f6e7 -> 
  custom:video-encoder-webm-vp8: eb34c28f22e8b96e1ab97ce403110664 -> 
  custom:audio-decoder-ogg-vorbis: bf7c407c2cedff20999df2af8eb42d56 -> 
  custom:audio-encoder-webm-vorbis: bf7c407c2cedff20999df2af8eb42d56 -> 
========================================================================
Received Import Request.
  Time since last request: 284649.965307 seconds.
  path: Assets/AssetsFromAssetStore/Lana Studio/Hyper Casual FX/Prefabs/Dust/Dust_permanently_blue.prefab
  artifactKey: Guid(4e12b3c53c0f8ee4da83655d8d2770d5) Importer(815301076,1909f56bfc062723c751e8b465ee728b)
Start importing Assets/AssetsFromAssetStore/Lana Studio/Hyper Casual FX/Prefabs/Dust/Dust_permanently_blue.prefab using Guid(4e12b3c53c0f8ee4da83655d8d2770d5) Importer(815301076,1909f56bfc062723c751e8b465ee728b) [PhysX] Initialized MultithreadedTaskDispatcher with 12 workers.
[PhysX] Initialized MultithreadedTaskDispatcher with 12 workers.
 -> (artifact id: '9be766910ff30ad08cd6abbbdf0cf977') in 0.076513 seconds
Number of updated asset objects reloaded before import = 0
Number of asset objects unloaded after import = 23
========================================================================
Received Import Request.
  Time since last request: 0.553133 seconds.
  path: Assets/AssetsFromAssetStore/Lana Studio/Hyper Casual FX/Prefabs/Flash/Flash_blue_purple.prefab
  artifactKey: Guid(7c19ad7a926fc084ea69d9ba4fedeeab) Importer(815301076,1909f56bfc062723c751e8b465ee728b)
Start importing Assets/AssetsFromAssetStore/Lana Studio/Hyper Casual FX/Prefabs/Flash/Flash_blue_purple.prefab using Guid(7c19ad7a926fc084ea69d9ba4fedeeab) Importer(815301076,1909f56bfc062723c751e8b465ee728b) [PhysX] Initialized MultithreadedTaskDispatcher with 12 workers.
[PhysX] Initialized MultithreadedTaskDispatcher with 12 workers.
 -> (artifact id: '2f1bba8f0932d696c144835120c34bfd') in 0.012395 seconds
Number of updated asset objects reloaded before import = 0
Number of asset objects unloaded after import = 29
========================================================================
Received Import Request.
  Time since last request: 0.000015 seconds.
  path: Assets/AssetsFromAssetStore/Lana Studio/Hyper Casual FX/Prefabs/Flash/Flash_magic_ellow_blue.prefab
  artifactKey: Guid(895c6d094b6b213418cddcfb520298e9) Importer(815301076,1909f56bfc062723c751e8b465ee728b)
Start importing Assets/AssetsFromAssetStore/Lana Studio/Hyper Casual FX/Prefabs/Flash/Flash_magic_ellow_blue.prefab using Guid(895c6d094b6b213418cddcfb520298e9) Importer(815301076,1909f56bfc062723c751e8b465ee728b) [PhysX] Initialized MultithreadedTaskDispatcher with 12 workers.
[PhysX] Initialized MultithreadedTaskDispatcher with 12 workers.
 -> (artifact id: '4b6e65668645bae9c72a3ba156fb32f9') in 0.011442 seconds
Number of updated asset objects reloaded before import = 0
Number of asset objects unloaded after import = 32
========================================================================
Received Import Request.
  Time since last request: 0.000015 seconds.
  path: Assets/AssetsFromAssetStore/Lana Studio/Hyper Casual FX/Prefabs/Flash/Flash_magic_blue_pink.prefab
  artifactKey: Guid(064c608c3a271334299e1fa22913842f) Importer(815301076,1909f56bfc062723c751e8b465ee728b)
Start importing Assets/AssetsFromAssetStore/Lana Studio/Hyper Casual FX/Prefabs/Flash/Flash_magic_blue_pink.prefab using Guid(064c608c3a271334299e1fa22913842f) Importer(815301076,1909f56bfc062723c751e8b465ee728b) [PhysX] Initialized MultithreadedTaskDispatcher with 12 workers.
[PhysX] Initialized MultithreadedTaskDispatcher with 12 workers.
 -> (artifact id: 'a403559e0d007cb548f32de7543d51f2') in 0.011975 seconds
Number of updated asset objects reloaded before import = 0
Number of asset objects unloaded after import = 32
========================================================================
Received Import Request.
  Time since last request: 2.963708 seconds.
  path: Assets/AssetsFromAssetStore/Lana Studio/Hyper Casual FX/Prefabs/Shine/Shine_blue.prefab
  artifactKey: Guid(9442d241d2d8ecc47b49f256b55325c6) Importer(815301076,1909f56bfc062723c751e8b465ee728b)
Start importing Assets/AssetsFromAssetStore/Lana Studio/Hyper Casual FX/Prefabs/Shine/Shine_blue.prefab using Guid(9442d241d2d8ecc47b49f256b55325c6) Importer(815301076,1909f56bfc062723c751e8b465ee728b) [PhysX] Initialized MultithreadedTaskDispatcher with 12 workers.
[PhysX] Initialized MultithreadedTaskDispatcher with 12 workers.
 -> (artifact id: '896ecda19d3c947917a3b2871a3a96c1') in 0.015871 seconds
Number of updated asset objects reloaded before import = 0
Number of asset objects unloaded after import = 29
========================================================================
Received Import Request.
  Time since last request: 0.395628 seconds.
  path: Assets/AssetsFromAssetStore/Lana Studio/Hyper Casual FX/Prefabs/Sparkle/Sparkle_ellow.prefab
  artifactKey: Guid(49057b33ea71fbb4da4e8f02a8db9f28) Importer(815301076,1909f56bfc062723c751e8b465ee728b)
Start importing Assets/AssetsFromAssetStore/Lana Studio/Hyper Casual FX/Prefabs/Sparkle/Sparkle_ellow.prefab using Guid(49057b33ea71fbb4da4e8f02a8db9f28) Importer(815301076,1909f56bfc062723c751e8b465ee728b) [PhysX] Initialized MultithreadedTaskDispatcher with 12 workers.
[PhysX] Initialized MultithreadedTaskDispatcher with 12 workers.
 -> (artifact id: 'b979f08a3b4f9e4d91c21a0ac85ed2f9') in 0.011759 seconds
Number of updated asset objects reloaded before import = 0
Number of asset objects unloaded after import = 20
========================================================================
Received Import Request.
  Time since last request: 5.925670 seconds.
  path: Assets/AssetsFromAssetStore/Lana Studio/Hyper Casual FX/Textures/Blast_directional.png
  artifactKey: Guid(d4ed2c24a7c24e3419b43faf029ce757) Importer(815301076,1909f56bfc062723c751e8b465ee728b)
Start importing Assets/AssetsFromAssetStore/Lana Studio/Hyper Casual FX/Textures/Blast_directional.png using Guid(d4ed2c24a7c24e3419b43faf029ce757) Importer(815301076,1909f56bfc062723c751e8b465ee728b) [PhysX] Initialized MultithreadedTaskDispatcher with 12 workers.
[PhysX] Initialized MultithreadedTaskDispatcher with 12 workers.
 -> (artifact id: '6f9c0742e3b74e3deba79f2f6bbc8e27') in 0.031603 seconds
Number of updated asset objects reloaded before import = 0
Number of asset objects unloaded after import = 3
========================================================================
Received Import Request.
  Time since last request: 0.000016 seconds.
  path: Assets/AssetsFromAssetStore/Lana Studio/Hyper Casual FX/Textures/Flare03.png
  artifactKey: Guid(9a4522a1719ed6e4099dd535d78cbd14) Importer(815301076,1909f56bfc062723c751e8b465ee728b)
Start importing Assets/AssetsFromAssetStore/Lana Studio/Hyper Casual FX/Textures/Flare03.png using Guid(9a4522a1719ed6e4099dd535d78cbd14) Importer(815301076,1909f56bfc062723c751e8b465ee728b) [PhysX] Initialized MultithreadedTaskDispatcher with 12 workers.
[PhysX] Initialized MultithreadedTaskDispatcher with 12 workers.
 -> (artifact id: 'b518de203193611b9b7288ea75c20407') in 0.010009 seconds
Number of updated asset objects reloaded before import = 0
Number of asset objects unloaded after import = 3
========================================================================
Received Import Request.
  Time since last request: 0.000024 seconds.
  path: Assets/AssetsFromAssetStore/Lana Studio/Hyper Casual FX/Textures/Shockwave_spiky.png
  artifactKey: Guid(ccd3c6eb8020e97489da396bf552b3ee) Importer(815301076,1909f56bfc062723c751e8b465ee728b)
Start importing Assets/AssetsFromAssetStore/Lana Studio/Hyper Casual FX/Textures/Shockwave_spiky.png using Guid(ccd3c6eb8020e97489da396bf552b3ee) Importer(815301076,1909f56bfc062723c751e8b465ee728b) [PhysX] Initialized MultithreadedTaskDispatcher with 12 workers.
[PhysX] Initialized MultithreadedTaskDispatcher with 12 workers.
 -> (artifact id: '4c1528fd549b7f5eeadad42e645021bc') in 0.011217 seconds
Number of updated asset objects reloaded before import = 0
Number of asset objects unloaded after import = 3
========================================================================
Received Import Request.
  Time since last request: 0.000013 seconds.
  path: Assets/AssetsFromAssetStore/Lana Studio/Hyper Casual FX/Textures/Dust01.png
  artifactKey: Guid(7f221a2efb03036429b23e6e78fe52d5) Importer(815301076,1909f56bfc062723c751e8b465ee728b)
Start importing Assets/AssetsFromAssetStore/Lana Studio/Hyper Casual FX/Textures/Dust01.png using Guid(7f221a2efb03036429b23e6e78fe52d5) Importer(815301076,1909f56bfc062723c751e8b465ee728b) [PhysX] Initialized MultithreadedTaskDispatcher with 12 workers.
[PhysX] Initialized MultithreadedTaskDispatcher with 12 workers.
 -> (artifact id: 'c6db1e413eb473ab5dad10b1d80599df') in 0.025020 seconds
Number of updated asset objects reloaded before import = 0
Number of asset objects unloaded after import = 6
========================================================================
Received Import Request.
  Time since last request: 0.000035 seconds.
  path: Assets/AssetsFromAssetStore/Lana Studio/Hyper Casual FX/Textures/Circle04.png
  artifactKey: Guid(738d0386f7ab1b242b3cca6cedcb2106) Importer(815301076,1909f56bfc062723c751e8b465ee728b)
Start importing Assets/AssetsFromAssetStore/Lana Studio/Hyper Casual FX/Textures/Circle04.png using Guid(738d0386f7ab1b242b3cca6cedcb2106) Importer(815301076,1909f56bfc062723c751e8b465ee728b) [PhysX] Initialized MultithreadedTaskDispatcher with 12 workers.
[PhysX] Initialized MultithreadedTaskDispatcher with 12 workers.
 -> (artifact id: '717f95bde0b3a4512cd44b20012cae78') in 0.010835 seconds
Number of updated asset objects reloaded before import = 0
Number of asset objects unloaded after import = 3
========================================================================
Received Import Request.
  Time since last request: 0.000013 seconds.
  path: Assets/AssetsFromAssetStore/Lana Studio/Hyper Casual FX/Textures/confetti_large.png
  artifactKey: Guid(a5fd1d31c7504cd4083d950f36ed7511) Importer(815301076,1909f56bfc062723c751e8b465ee728b)
Start importing Assets/AssetsFromAssetStore/Lana Studio/Hyper Casual FX/Textures/confetti_large.png using Guid(a5fd1d31c7504cd4083d950f36ed7511) Importer(815301076,1909f56bfc062723c751e8b465ee728b) [PhysX] Initialized MultithreadedTaskDispatcher with 12 workers.
[PhysX] Initialized MultithreadedTaskDispatcher with 12 workers.
 -> (artifact id: 'd47a9331a798ad88199df3c00d925790') in 0.020668 seconds
Number of updated asset objects reloaded before import = 0
Number of asset objects unloaded after import = 6
========================================================================
Received Import Request.
  Time since last request: 0.000013 seconds.
  path: Assets/AssetsFromAssetStore/Lana Studio/Hyper Casual FX/Textures/drop.png
  artifactKey: Guid(fa7777da9f2101d4898e23c5e4b0010d) Importer(815301076,1909f56bfc062723c751e8b465ee728b)
Start importing Assets/AssetsFromAssetStore/Lana Studio/Hyper Casual FX/Textures/drop.png using Guid(fa7777da9f2101d4898e23c5e4b0010d) Importer(815301076,1909f56bfc062723c751e8b465ee728b) [PhysX] Initialized MultithreadedTaskDispatcher with 12 workers.
[PhysX] Initialized MultithreadedTaskDispatcher with 12 workers.
 -> (artifact id: '6b631ad5e95c58ea41c8912d8410c425') in 0.009524 seconds
Number of updated asset objects reloaded before import = 0
Number of asset objects unloaded after import = 3
========================================================================
Received Import Request.
  Time since last request: 0.000013 seconds.
  path: Assets/AssetsFromAssetStore/Lana Studio/Hyper Casual FX/Textures/drop_blue.png
  artifactKey: Guid(5e4bcbaf759026e4aa009c3c728033cd) Importer(815301076,1909f56bfc062723c751e8b465ee728b)
Start importing Assets/AssetsFromAssetStore/Lana Studio/Hyper Casual FX/Textures/drop_blue.png using Guid(5e4bcbaf759026e4aa009c3c728033cd) Importer(815301076,1909f56bfc062723c751e8b465ee728b) [PhysX] Initialized MultithreadedTaskDispatcher with 12 workers.
[PhysX] Initialized MultithreadedTaskDispatcher with 12 workers.
 -> (artifact id: '3c9fb6ddc5a5fd41651b97f9e54c2f32') in 0.008584 seconds
Number of updated asset objects reloaded before import = 0
Number of asset objects unloaded after import = 3
Editor requested this worker to shutdown with reason: Scaling down because of idle timeout
TcpMessagingSession - receive error: operation aborted. errorcode: 995, details: A operação de E/S foi cancelada devido a uma saída do módulo ou a um pedido da aplicação.
AssetImportWorker is now disconnected from the server
Process exiting
Exiting without the bug reporter. Application will terminate with return code 0