Using pre-set license
Built from '2022.3/release' branch; Version is '2022.3.61f1 (6c53ebaf375d) revision 7099371'; Using compiler version '192829333'; Build Type 'Release'
OS: 'Windows 11  (10.0.26100) 64bit Professional' Language: 'pt' Physical Memory: 16310 MB
BatchMode: 1, IsHumanControllingUs: 0, StartBugReporterOnCrash: 0, Is64bit: 1, IsPro: 1

COMMAND LINE ARGUMENTS:
C:\Program Files\Unity\Hub\Editor\2022.3.61f1\Editor\Unity.exe
-adb2
-batchMode
-noUpm
-name
AssetImportWorker2
-projectPath
C:/Repos/EatingFrenzy/eating-frenzy
-logFile
Logs/AssetImportWorker2.log
-srvPort
63533
Successfully changed project path to: C:/Repos/EatingFrenzy/eating-frenzy
C:/Repos/EatingFrenzy/eating-frenzy
[UnityMemory] Configuration Parameters - Can be set up in boot.config
    "memorysetup-bucket-allocator-granularity=16"
    "memorysetup-bucket-allocator-bucket-count=8"
    "memorysetup-bucket-allocator-block-size=33554432"
    "memorysetup-bucket-allocator-block-count=8"
    "memorysetup-main-allocator-block-size=16777216"
    "memorysetup-thread-allocator-block-size=16777216"
    "memorysetup-gfx-main-allocator-block-size=16777216"
    "memorysetup-gfx-thread-allocator-block-size=16777216"
    "memorysetup-cache-allocator-block-size=4194304"
    "memorysetup-typetree-allocator-block-size=2097152"
    "memorysetup-profiler-bucket-allocator-granularity=16"
    "memorysetup-profiler-bucket-allocator-bucket-count=8"
    "memorysetup-profiler-bucket-allocator-block-size=33554432"
    "memorysetup-profiler-bucket-allocator-block-count=8"
    "memorysetup-profiler-allocator-block-size=16777216"
    "memorysetup-profiler-editor-allocator-block-size=1048576"
    "memorysetup-temp-allocator-size-main=16777216"
    "memorysetup-job-temp-allocator-block-size=2097152"
    "memorysetup-job-temp-allocator-block-size-background=1048576"
    "memorysetup-job-temp-allocator-reduction-small-platforms=262144"
    "memorysetup-allocator-temp-initial-block-size-main=262144"
    "memorysetup-allocator-temp-initial-block-size-worker=262144"
    "memorysetup-temp-allocator-size-background-worker=32768"
    "memorysetup-temp-allocator-size-job-worker=262144"
    "memorysetup-temp-allocator-size-preload-manager=33554432"
    "memorysetup-temp-allocator-size-nav-mesh-worker=65536"
    "memorysetup-temp-allocator-size-audio-worker=65536"
    "memorysetup-temp-allocator-size-cloud-worker=32768"
    "memorysetup-temp-allocator-size-gi-baking-worker=262144"
    "memorysetup-temp-allocator-size-gfx=262144"
Player connection [4400]  Target information:

Player connection [4400]  * "[IP] 192.168.1.53 [Port] 0 [Flags] 2 [Guid] 1191048822 [EditorId] 1191048822 [Version] 1048832 [Id] WindowsEditor(7,DESKTOP-A9PD2MC) [Debug] 1 [PackageName] WindowsEditor [ProjectName] Editor" 

Player connection [4400] Host joined multi-casting on [225.0.0.222:54997]...
Player connection [4400] Host joined alternative multi-casting on [225.0.0.222:34997]...
Input System module state changed to: Initialized.
[PhysX] Initialized MultithreadedTaskDispatcher with 12 workers.
Refreshing native plugins compatible for Editor in 13.28 ms, found 3 plugins.
Preloading 0 native plugins for Editor in 0.00 ms.
Initialize engine version: 2022.3.61f1 (6c53ebaf375d)
[Subsystems] Discovering subsystems at path C:/Program Files/Unity/Hub/Editor/2022.3.61f1/Editor/Data/Resources/UnitySubsystems
[Subsystems] Discovering subsystems at path C:/Repos/EatingFrenzy/eating-frenzy/Assets
GfxDevice: creating device client; threaded=0; jobified=0
Direct3D:
    Version:  Direct3D 11.0 [level 11.1]
    Renderer: NVIDIA GeForce RTX 3070 Ti (ID=0x2482)
    Vendor:   NVIDIA
    VRAM:     8018 MB
    Driver:   32.0.15.6636
Initialize mono
Mono path[0] = 'C:/Program Files/Unity/Hub/Editor/2022.3.61f1/Editor/Data/Managed'
Mono path[1] = 'C:/Program Files/Unity/Hub/Editor/2022.3.61f1/Editor/Data/MonoBleedingEdge/lib/mono/unityjit-win32'
Mono config path = 'C:/Program Files/Unity/Hub/Editor/2022.3.61f1/Editor/Data/MonoBleedingEdge/etc'
Using monoOptions --debugger-agent=transport=dt_socket,embedding=1,server=y,suspend=n,address=127.0.0.1:56632
Begin MonoManager ReloadAssembly
Registering precompiled unity dll's ...
Register platform support module: C:/Program Files/Unity/Hub/Editor/2022.3.61f1/Editor/Data/PlaybackEngines/WebGLSupport/UnityEditor.WebGL.Extensions.dll
Register platform support module: C:/Program Files/Unity/Hub/Editor/2022.3.61f1/Editor/Data/PlaybackEngines/AndroidPlayer/UnityEditor.Android.Extensions.dll
Register platform support module: C:/Program Files/Unity/Hub/Editor/2022.3.61f1/Editor/Data/PlaybackEngines/WindowsStandaloneSupport/UnityEditor.WindowsStandalone.Extensions.dll
Register platform support module: C:/Program Files/Unity/Hub/Editor/2022.3.61f1/Editor/Data/PlaybackEngines/MetroSupport/UnityEditor.UWP.Extensions.dll
Registered in 0.015614 seconds.
- Loaded All Assemblies, in  0.384 seconds
Native extension for UWP target not found
Native extension for WindowsStandalone target not found
Native extension for Android target not found
Android Extension - Scanning For ADB Devices 330 ms
Native extension for WebGL target not found
Mono: successfully reloaded assembly
- Finished resetting the current domain, in  0.625 seconds
Domain Reload Profiling: 1007ms
	BeginReloadAssembly (111ms)
		ExecutionOrderSort (0ms)
		DisableScriptedObjects (0ms)
		BackupInstance (0ms)
		ReleaseScriptingObjects (0ms)
		CreateAndSetChildDomain (1ms)
	RebuildCommonClasses (29ms)
	RebuildNativeTypeToScriptingClass (8ms)
	initialDomainReloadingComplete (63ms)
	LoadAllAssembliesAndSetupDomain (170ms)
		LoadAssemblies (109ms)
		RebuildTransferFunctionScriptingTraits (0ms)
		AnalyzeDomain (167ms)
			TypeCache.Refresh (165ms)
				TypeCache.ScanAssembly (151ms)
			ScanForSourceGeneratedMonoScriptInfo (0ms)
			ResolveRequiredComponents (0ms)
	FinalizeReload (625ms)
		ReleaseScriptCaches (0ms)
		RebuildScriptCaches (0ms)
		SetupLoadedEditorAssemblies (588ms)
			LogAssemblyErrors (0ms)
			InitializePlatformSupportModulesInManaged (424ms)
			SetLoadedEditorAssemblies (5ms)
			RefreshPlugins (0ms)
			BeforeProcessingInitializeOnLoad (2ms)
			ProcessInitializeOnLoadAttributes (119ms)
			ProcessInitializeOnLoadMethodAttributes (38ms)
			AfterProcessingInitializeOnLoad (0ms)
			EditorAssembliesLoaded (0ms)
		ExecutionOrderSort2 (0ms)
		AwakeInstancesAfterBackupRestoration (0ms)
========================================================================
Worker process is ready to serve import requests
Caller must complete domain reload
Begin MonoManager ReloadAssembly
- Loaded All Assemblies, in  0.604 seconds
Native extension for UWP target not found
Native extension for WindowsStandalone target not found
Native extension for Android target not found
Native extension for WebGL target not found
Mono: successfully reloaded assembly
Package Manager log level set to [2]
[Package Manager] Server::EnsureServerProcessIsRunning -- launch failed, reason: Unity was launched with the -noUpm command-line argument
[Package Manager] UpmClient::Send -- Unable to send message (not connected to UPM process).
[Package Manager] Cannot connect to Unity Package Manager local server
[Package Manager] Server::EnsureServerProcessIsRunning -- launch failed, reason: Unity was launched with the -noUpm command-line argument
[Package Manager] UpmClient::Send -- Unable to send message (not connected to UPM process).
[Package Manager] Cannot connect to Unity Package Manager local server
- Finished resetting the current domain, in  0.596 seconds
Domain Reload Profiling: 1194ms
	BeginReloadAssembly (141ms)
		ExecutionOrderSort (0ms)
		DisableScriptedObjects (4ms)
		BackupInstance (0ms)
		ReleaseScriptingObjects (0ms)
		CreateAndSetChildDomain (23ms)
	RebuildCommonClasses (34ms)
	RebuildNativeTypeToScriptingClass (7ms)
	initialDomainReloadingComplete (38ms)
	LoadAllAssembliesAndSetupDomain (378ms)
		LoadAssemblies (325ms)
		RebuildTransferFunctionScriptingTraits (0ms)
		AnalyzeDomain (139ms)
			TypeCache.Refresh (115ms)
				TypeCache.ScanAssembly (102ms)
			ScanForSourceGeneratedMonoScriptInfo (16ms)
			ResolveRequiredComponents (5ms)
	FinalizeReload (596ms)
		ReleaseScriptCaches (0ms)
		RebuildScriptCaches (0ms)
		SetupLoadedEditorAssemblies (461ms)
			LogAssemblyErrors (0ms)
			InitializePlatformSupportModulesInManaged (19ms)
			SetLoadedEditorAssemblies (3ms)
			RefreshPlugins (0ms)
			BeforeProcessingInitializeOnLoad (74ms)
			ProcessInitializeOnLoadAttributes (335ms)
			ProcessInitializeOnLoadMethodAttributes (19ms)
			AfterProcessingInitializeOnLoad (10ms)
			EditorAssembliesLoaded (0ms)
		ExecutionOrderSort2 (0ms)
		AwakeInstancesAfterBackupRestoration (6ms)
Launched and connected shader compiler UnityShaderCompiler.exe after 0.04 seconds
Refreshing native plugins compatible for Editor in 9.73 ms, found 3 plugins.
Preloading 0 native plugins for Editor in 0.00 ms.
Unloading 4414 Unused Serialized files (Serialized files now loaded: 0)
Unloading 46 unused Assets / (1.9 MB). Loaded Objects now: 4885.
Memory consumption went from 170.6 MB to 168.7 MB.
Total: 3.451500 ms (FindLiveObjects: 0.305400 ms CreateObjectMapping: 0.114400 ms MarkObjects: 2.592700 ms  DeleteObjects: 0.438100 ms)

AssetImportParameters requested are different than current active one (requested -> active):
  custom:container-demuxer-ogg: 62fdf1f143b41e24485cea50d1cbac27 -> 
  custom:video-codec-MediaFoundation-h265: e54d7ab0439102e2317fc1e4b246158d -> 
  custom:video-decoder-ogg-theora: a1e56fd34408186e4bbccfd4996cb3dc -> 
  custom:framework-win-MediaFoundation: 216162199b28c13a410421893ffa2e32 -> 
  custom:scripting/monoscript/fileName/AnimationController.cs: 9bd0107d4d8ed813e5c3e12d6850074e -> 8bd30aed8dc63dc9c0ed8c1cb917ad41
  custom:CustomObjectIndexerAttribute: 9a22284fe3817be447336de3de66b15e -> 
  custom:container-demuxer-webm: 4f35f7cbe854078d1ac9338744f61a02 -> 
  custom:container-muxer-webm: aa71ff27fc2769a1b78a27578f13a17b -> 
  custom:video-decoder-webm-vp8: 9c59270c3fd7afecdb556c50c9e8de78 -> 
  custom:SearchIndexIgnoredProperties: e643bd26f0fe6173181afceb89e7c659 -> 
  custom:AudioImporter_EditorPlatform: d09bf68614088b80899f8185d706f6e7 -> 
  custom:video-encoder-webm-vp8: eb34c28f22e8b96e1ab97ce403110664 -> 
  custom:audio-decoder-ogg-vorbis: bf7c407c2cedff20999df2af8eb42d56 -> 
  custom:audio-encoder-webm-vorbis: bf7c407c2cedff20999df2af8eb42d56 -> 
========================================================================
Received Import Request.
  Time since last request: 226212.921390 seconds.
  path: Assets/AssetsFromAssetStore/UrsaAnimation/LOW POLY CUBIC - Goat and Sheep Pack/Prefabs_HDRP/SK_Goat_dark.prefab
  artifactKey: Guid(10ce23d3973fbc24685ff67147722a89) Importer(815301076,1909f56bfc062723c751e8b465ee728b)
Start importing Assets/AssetsFromAssetStore/UrsaAnimation/LOW POLY CUBIC - Goat and Sheep Pack/Prefabs_HDRP/SK_Goat_dark.prefab using Guid(10ce23d3973fbc24685ff67147722a89) Importer(815301076,1909f56bfc062723c751e8b465ee728b) [PhysX] Initialized MultithreadedTaskDispatcher with 12 workers.
[PhysX] Initialized MultithreadedTaskDispatcher with 12 workers.
 -> (artifact id: '45501e9c274d5e9723fee551f606e1f3') in 0.114822 seconds
Number of updated asset objects reloaded before import = 0
Number of asset objects unloaded after import = 257
========================================================================
Received Import Request.
  Time since last request: 4.561063 seconds.
  path: Assets/AssetsFromAssetStore/UrsaAnimation/LOW POLY CUBIC - Goat and Sheep Pack/Prefabs_Standard/SK_Goat_dark.prefab
  artifactKey: Guid(4f9eebc977b93d641a58f15164948196) Importer(815301076,1909f56bfc062723c751e8b465ee728b)
Start importing Assets/AssetsFromAssetStore/UrsaAnimation/LOW POLY CUBIC - Goat and Sheep Pack/Prefabs_Standard/SK_Goat_dark.prefab using Guid(4f9eebc977b93d641a58f15164948196) Importer(815301076,1909f56bfc062723c751e8b465ee728b) [PhysX] Initialized MultithreadedTaskDispatcher with 12 workers.
[PhysX] Initialized MultithreadedTaskDispatcher with 12 workers.
 -> (artifact id: '82e03c975aab2c2fe3b97f51be389865') in 0.141357 seconds
Number of updated asset objects reloaded before import = 0
Number of asset objects unloaded after import = 257
========================================================================
Received Import Request.
  Time since last request: 0.000025 seconds.
  path: Assets/AssetsFromAssetStore/UrsaAnimation/LOW POLY CUBIC - Goat and Sheep Pack/Prefabs_Standard/SK_Sheep_dark.prefab
  artifactKey: Guid(7ac0f4727b8b02d4b8fd471d4dc47304) Importer(815301076,1909f56bfc062723c751e8b465ee728b)
Start importing Assets/AssetsFromAssetStore/UrsaAnimation/LOW POLY CUBIC - Goat and Sheep Pack/Prefabs_Standard/SK_Sheep_dark.prefab using Guid(7ac0f4727b8b02d4b8fd471d4dc47304) Importer(815301076,1909f56bfc062723c751e8b465ee728b) [PhysX] Initialized MultithreadedTaskDispatcher with 12 workers.
[PhysX] Initialized MultithreadedTaskDispatcher with 12 workers.
 -> (artifact id: '65dc6836f1008e1704c36ae90655d633') in 0.029138 seconds
Number of updated asset objects reloaded before import = 0
Number of asset objects unloaded after import = 213
========================================================================
Received Import Request.
  Time since last request: 69.014837 seconds.
  path: Assets/AssetsFromAssetStore/UrsaAnimation/LOW POLY CUBIC - Goat and Sheep Pack/Prefabs_Standard/SK_Goat_dark.prefab
  artifactKey: Guid(4f9eebc977b93d641a58f15164948196) Importer(815301076,1909f56bfc062723c751e8b465ee728b)
Start importing Assets/AssetsFromAssetStore/UrsaAnimation/LOW POLY CUBIC - Goat and Sheep Pack/Prefabs_Standard/SK_Goat_dark.prefab using Guid(4f9eebc977b93d641a58f15164948196) Importer(815301076,1909f56bfc062723c751e8b465ee728b) [PhysX] Initialized MultithreadedTaskDispatcher with 12 workers.
[PhysX] Initialized MultithreadedTaskDispatcher with 12 workers.
 -> (artifact id: '379175bd5fd4132e178730f39f94a6a5') in 0.031952 seconds
Number of updated asset objects reloaded before import = 0
Number of asset objects unloaded after import = 257
========================================================================
Received Import Request.
  Time since last request: 15.687157 seconds.
  path: Assets/AssetsFromAssetStore/UrsaAnimation/LOW POLY CUBIC - Goat and Sheep Pack/Prefabs_Standard/SK_Sheep_white.prefab
  artifactKey: Guid(c36cdfacfaab1584c887c605bc8e7b2f) Importer(815301076,1909f56bfc062723c751e8b465ee728b)
Start importing Assets/AssetsFromAssetStore/UrsaAnimation/LOW POLY CUBIC - Goat and Sheep Pack/Prefabs_Standard/SK_Sheep_white.prefab using Guid(c36cdfacfaab1584c887c605bc8e7b2f) Importer(815301076,1909f56bfc062723c751e8b465ee728b) [PhysX] Initialized MultithreadedTaskDispatcher with 12 workers.
[PhysX] Initialized MultithreadedTaskDispatcher with 12 workers.
 -> (artifact id: 'f0a60945ca80e3ee9fef5d2dbd733779') in 0.096812 seconds
Number of updated asset objects reloaded before import = 0
Number of asset objects unloaded after import = 213
========================================================================
Received Import Request.
  Time since last request: 2.867697 seconds.
  path: Assets/AssetsFromAssetStore/UrsaAnimation/LOW POLY CUBIC - Goat and Sheep Pack/Prefabs_Standard/SK_Sheep_dark.prefab
  artifactKey: Guid(7ac0f4727b8b02d4b8fd471d4dc47304) Importer(815301076,1909f56bfc062723c751e8b465ee728b)
Start importing Assets/AssetsFromAssetStore/UrsaAnimation/LOW POLY CUBIC - Goat and Sheep Pack/Prefabs_Standard/SK_Sheep_dark.prefab using Guid(7ac0f4727b8b02d4b8fd471d4dc47304) Importer(815301076,1909f56bfc062723c751e8b465ee728b) [PhysX] Initialized MultithreadedTaskDispatcher with 12 workers.
[PhysX] Initialized MultithreadedTaskDispatcher with 12 workers.
 -> (artifact id: '6df17730a5d426556f2fc36901fe150c') in 0.133153 seconds
Number of updated asset objects reloaded before import = 0
Number of asset objects unloaded after import = 213
========================================================================
Received Import Request.
  Time since last request: 3.711290 seconds.
  path: Assets/AssetsFromAssetStore/UrsaAnimation/LOW POLY CUBIC - Goat and Sheep Pack/Prefabs_Standard/SK_Sheep_cream.prefab
  artifactKey: Guid(0322c9b0c4f4d93418d648ec9405b63d) Importer(815301076,1909f56bfc062723c751e8b465ee728b)
Start importing Assets/AssetsFromAssetStore/UrsaAnimation/LOW POLY CUBIC - Goat and Sheep Pack/Prefabs_Standard/SK_Sheep_cream.prefab using Guid(0322c9b0c4f4d93418d648ec9405b63d) Importer(815301076,1909f56bfc062723c751e8b465ee728b) [PhysX] Initialized MultithreadedTaskDispatcher with 12 workers.
[PhysX] Initialized MultithreadedTaskDispatcher with 12 workers.
 -> (artifact id: 'b0376ee89cc81e99372baadbe69509bb') in 0.141733 seconds
Number of updated asset objects reloaded before import = 0
Number of asset objects unloaded after import = 213
========================================================================
Received Import Request.
  Time since last request: 2.722188 seconds.
  path: Assets/AssetsFromAssetStore/UrsaAnimation/LOW POLY CUBIC - Goat and Sheep Pack/Prefabs_Standard/SK_Goat_white.prefab
  artifactKey: Guid(f5c8b6dc56a8e634a8f2a0cfbee2941d) Importer(815301076,1909f56bfc062723c751e8b465ee728b)
Start importing Assets/AssetsFromAssetStore/UrsaAnimation/LOW POLY CUBIC - Goat and Sheep Pack/Prefabs_Standard/SK_Goat_white.prefab using Guid(f5c8b6dc56a8e634a8f2a0cfbee2941d) Importer(815301076,1909f56bfc062723c751e8b465ee728b) [PhysX] Initialized MultithreadedTaskDispatcher with 12 workers.
[PhysX] Initialized MultithreadedTaskDispatcher with 12 workers.
 -> (artifact id: '1afe6a142cd739b29d1fba5c2d911fbf') in 0.027313 seconds
Number of updated asset objects reloaded before import = 0
Number of asset objects unloaded after import = 257
========================================================================
Received Import Request.
  Time since last request: 5.008138 seconds.
  path: Assets/AssetsFromAssetStore/UrsaAnimation/LOW POLY CUBIC - Goat and Sheep Pack/Prefabs_Standard/SK_Sheep_white.prefab
  artifactKey: Guid(c36cdfacfaab1584c887c605bc8e7b2f) Importer(815301076,1909f56bfc062723c751e8b465ee728b)
Start importing Assets/AssetsFromAssetStore/UrsaAnimation/LOW POLY CUBIC - Goat and Sheep Pack/Prefabs_Standard/SK_Sheep_white.prefab using Guid(c36cdfacfaab1584c887c605bc8e7b2f) Importer(815301076,1909f56bfc062723c751e8b465ee728b) [PhysX] Initialized MultithreadedTaskDispatcher with 12 workers.
[PhysX] Initialized MultithreadedTaskDispatcher with 12 workers.
 -> (artifact id: 'a1d8af5e307a643e35c7937b0da7dd3c') in 0.083677 seconds
Number of updated asset objects reloaded before import = 0
Number of asset objects unloaded after import = 214
========================================================================
Received Import Request.
  Time since last request: 1.514895 seconds.
  path: Assets/AssetsFromAssetStore/UrsaAnimation/LOW POLY CUBIC - Goat and Sheep Pack/Prefabs_Standard/SK_Sheep_white.prefab
  artifactKey: Guid(c36cdfacfaab1584c887c605bc8e7b2f) Importer(815301076,1909f56bfc062723c751e8b465ee728b)
Start importing Assets/AssetsFromAssetStore/UrsaAnimation/LOW POLY CUBIC - Goat and Sheep Pack/Prefabs_Standard/SK_Sheep_white.prefab using Guid(c36cdfacfaab1584c887c605bc8e7b2f) Importer(815301076,1909f56bfc062723c751e8b465ee728b) [PhysX] Initialized MultithreadedTaskDispatcher with 12 workers.
[PhysX] Initialized MultithreadedTaskDispatcher with 12 workers.
 -> (artifact id: '2bc97b88f2363d2a4965faeb6737fae0') in 0.094182 seconds
Number of updated asset objects reloaded before import = 0
Number of asset objects unloaded after import = 214
========================================================================
Received Import Request.
  Time since last request: 5.714939 seconds.
  path: Assets/AssetsFromAssetStore/UrsaAnimation/LOW POLY CUBIC - Goat and Sheep Pack/Prefabs_Standard/SK_Sheep_dark.prefab
  artifactKey: Guid(7ac0f4727b8b02d4b8fd471d4dc47304) Importer(815301076,1909f56bfc062723c751e8b465ee728b)
Start importing Assets/AssetsFromAssetStore/UrsaAnimation/LOW POLY CUBIC - Goat and Sheep Pack/Prefabs_Standard/SK_Sheep_dark.prefab using Guid(7ac0f4727b8b02d4b8fd471d4dc47304) Importer(815301076,1909f56bfc062723c751e8b465ee728b) [PhysX] Initialized MultithreadedTaskDispatcher with 12 workers.
[PhysX] Initialized MultithreadedTaskDispatcher with 12 workers.
 -> (artifact id: '139575ad6be77a5ce2db7a7365deb7c4') in 0.023854 seconds
Number of updated asset objects reloaded before import = 0
Number of asset objects unloaded after import = 214
========================================================================
Received Import Request.
  Time since last request: 2.562810 seconds.
  path: Assets/AssetsFromAssetStore/UrsaAnimation/LOW POLY CUBIC - Goat and Sheep Pack/Prefabs_Standard/SK_Sheep_cream.prefab
  artifactKey: Guid(0322c9b0c4f4d93418d648ec9405b63d) Importer(815301076,1909f56bfc062723c751e8b465ee728b)
Start importing Assets/AssetsFromAssetStore/UrsaAnimation/LOW POLY CUBIC - Goat and Sheep Pack/Prefabs_Standard/SK_Sheep_cream.prefab using Guid(0322c9b0c4f4d93418d648ec9405b63d) Importer(815301076,1909f56bfc062723c751e8b465ee728b) [PhysX] Initialized MultithreadedTaskDispatcher with 12 workers.
[PhysX] Initialized MultithreadedTaskDispatcher with 12 workers.
 -> (artifact id: '4b8d95e9b0bf97dbc9a54379b271ef3e') in 0.022444 seconds
Number of updated asset objects reloaded before import = 0
Number of asset objects unloaded after import = 214
========================================================================
Received Import Request.
  Time since last request: 2.456794 seconds.
  path: Assets/AssetsFromAssetStore/UrsaAnimation/LOW POLY CUBIC - Goat and Sheep Pack/Prefabs_Standard/SK_Goat_white.prefab
  artifactKey: Guid(f5c8b6dc56a8e634a8f2a0cfbee2941d) Importer(815301076,1909f56bfc062723c751e8b465ee728b)
Start importing Assets/AssetsFromAssetStore/UrsaAnimation/LOW POLY CUBIC - Goat and Sheep Pack/Prefabs_Standard/SK_Goat_white.prefab using Guid(f5c8b6dc56a8e634a8f2a0cfbee2941d) Importer(815301076,1909f56bfc062723c751e8b465ee728b) [PhysX] Initialized MultithreadedTaskDispatcher with 12 workers.
[PhysX] Initialized MultithreadedTaskDispatcher with 12 workers.
 -> (artifact id: 'c67a668e487f9c7d32dea0113597f001') in 0.032447 seconds
Number of updated asset objects reloaded before import = 0
Number of asset objects unloaded after import = 258
========================================================================
Received Import Request.
  Time since last request: 1.884368 seconds.
  path: Assets/AssetsFromAssetStore/UrsaAnimation/LOW POLY CUBIC - Goat and Sheep Pack/Prefabs_Standard/SK_Goat_white.prefab
  artifactKey: Guid(f5c8b6dc56a8e634a8f2a0cfbee2941d) Importer(815301076,1909f56bfc062723c751e8b465ee728b)
Start importing Assets/AssetsFromAssetStore/UrsaAnimation/LOW POLY CUBIC - Goat and Sheep Pack/Prefabs_Standard/SK_Goat_white.prefab using Guid(f5c8b6dc56a8e634a8f2a0cfbee2941d) Importer(815301076,1909f56bfc062723c751e8b465ee728b) [PhysX] Initialized MultithreadedTaskDispatcher with 12 workers.
[PhysX] Initialized MultithreadedTaskDispatcher with 12 workers.
 -> (artifact id: 'dc128be76db092f2f63d5ca497d987e1') in 0.134560 seconds
Number of updated asset objects reloaded before import = 0
Number of asset objects unloaded after import = 258
========================================================================
Received Import Request.
  Time since last request: 2.602980 seconds.
  path: Assets/AssetsFromAssetStore/UrsaAnimation/LOW POLY CUBIC - Goat and Sheep Pack/Prefabs_Standard/SK_Goat_dark.prefab
  artifactKey: Guid(4f9eebc977b93d641a58f15164948196) Importer(815301076,1909f56bfc062723c751e8b465ee728b)
Start importing Assets/AssetsFromAssetStore/UrsaAnimation/LOW POLY CUBIC - Goat and Sheep Pack/Prefabs_Standard/SK_Goat_dark.prefab using Guid(4f9eebc977b93d641a58f15164948196) Importer(815301076,1909f56bfc062723c751e8b465ee728b) [PhysX] Initialized MultithreadedTaskDispatcher with 12 workers.
[PhysX] Initialized MultithreadedTaskDispatcher with 12 workers.
 -> (artifact id: '743c4a5e86680c80cfb80bbb7b577fcc') in 0.026230 seconds
Number of updated asset objects reloaded before import = 0
Number of asset objects unloaded after import = 258
========================================================================
Received Import Request.
  Time since last request: 1.561245 seconds.
  path: Assets/AssetsFromAssetStore/UrsaAnimation/LOW POLY CUBIC - Goat and Sheep Pack/Prefabs_Standard/SK_Goat_dark.prefab
  artifactKey: Guid(4f9eebc977b93d641a58f15164948196) Importer(815301076,1909f56bfc062723c751e8b465ee728b)
Start importing Assets/AssetsFromAssetStore/UrsaAnimation/LOW POLY CUBIC - Goat and Sheep Pack/Prefabs_Standard/SK_Goat_dark.prefab using Guid(4f9eebc977b93d641a58f15164948196) Importer(815301076,1909f56bfc062723c751e8b465ee728b) [PhysX] Initialized MultithreadedTaskDispatcher with 12 workers.
[PhysX] Initialized MultithreadedTaskDispatcher with 12 workers.
 -> (artifact id: 'adea4dd79fa2ce17401e8626c4f86a23') in 0.025632 seconds
Number of updated asset objects reloaded before import = 0
Number of asset objects unloaded after import = 258
========================================================================
Received Import Request.
  Time since last request: 1.848594 seconds.
  path: Assets/AssetsFromAssetStore/UrsaAnimation/LOW POLY CUBIC - Goat and Sheep Pack/Prefabs_Standard/SK_Sheep_cream.prefab
  artifactKey: Guid(0322c9b0c4f4d93418d648ec9405b63d) Importer(815301076,1909f56bfc062723c751e8b465ee728b)
Start importing Assets/AssetsFromAssetStore/UrsaAnimation/LOW POLY CUBIC - Goat and Sheep Pack/Prefabs_Standard/SK_Sheep_cream.prefab using Guid(0322c9b0c4f4d93418d648ec9405b63d) Importer(815301076,1909f56bfc062723c751e8b465ee728b) [PhysX] Initialized MultithreadedTaskDispatcher with 12 workers.
[PhysX] Initialized MultithreadedTaskDispatcher with 12 workers.
 -> (artifact id: 'a7e7b4bc5033fe87516f3186cdc18833') in 0.024560 seconds
Number of updated asset objects reloaded before import = 0
Number of asset objects unloaded after import = 214
========================================================================
Received Import Request.
  Time since last request: 1.967341 seconds.
  path: Assets/AssetsFromAssetStore/UrsaAnimation/LOW POLY CUBIC - Goat and Sheep Pack/Prefabs_Standard/SK_Sheep_dark.prefab
  artifactKey: Guid(7ac0f4727b8b02d4b8fd471d4dc47304) Importer(815301076,1909f56bfc062723c751e8b465ee728b)
Start importing Assets/AssetsFromAssetStore/UrsaAnimation/LOW POLY CUBIC - Goat and Sheep Pack/Prefabs_Standard/SK_Sheep_dark.prefab using Guid(7ac0f4727b8b02d4b8fd471d4dc47304) Importer(815301076,1909f56bfc062723c751e8b465ee728b) [PhysX] Initialized MultithreadedTaskDispatcher with 12 workers.
[PhysX] Initialized MultithreadedTaskDispatcher with 12 workers.
 -> (artifact id: '93b3620729b7dc77ea5d0a455937628c') in 0.031154 seconds
Number of updated asset objects reloaded before import = 0
Number of asset objects unloaded after import = 214
========================================================================
Received Import Request.
  Time since last request: 136.664866 seconds.
  path: Assets/AssetsFromAssetStore/UrsaAnimation/LOW POLY CUBIC - Goat and Sheep Pack/Prefabs_Standard/SK_Goat_dark.prefab
  artifactKey: Guid(4f9eebc977b93d641a58f15164948196) Importer(815301076,1909f56bfc062723c751e8b465ee728b)
Start importing Assets/AssetsFromAssetStore/UrsaAnimation/LOW POLY CUBIC - Goat and Sheep Pack/Prefabs_Standard/SK_Goat_dark.prefab using Guid(4f9eebc977b93d641a58f15164948196) Importer(815301076,1909f56bfc062723c751e8b465ee728b) [PhysX] Initialized MultithreadedTaskDispatcher with 12 workers.
[PhysX] Initialized MultithreadedTaskDispatcher with 12 workers.
 -> (artifact id: '519eb1823b0cc4044b8b8259b3b1fe0f') in 0.025388 seconds
Number of updated asset objects reloaded before import = 0
Number of asset objects unloaded after import = 259
========================================================================
Received Import Request.
  Time since last request: 5.593930 seconds.
  path: Assets/AssetsFromAssetStore/UrsaAnimation/LOW POLY CUBIC - Goat and Sheep Pack/Prefabs_Standard/SK_Goat_white.prefab
  artifactKey: Guid(f5c8b6dc56a8e634a8f2a0cfbee2941d) Importer(815301076,1909f56bfc062723c751e8b465ee728b)
Start importing Assets/AssetsFromAssetStore/UrsaAnimation/LOW POLY CUBIC - Goat and Sheep Pack/Prefabs_Standard/SK_Goat_white.prefab using Guid(f5c8b6dc56a8e634a8f2a0cfbee2941d) Importer(815301076,1909f56bfc062723c751e8b465ee728b) [PhysX] Initialized MultithreadedTaskDispatcher with 12 workers.
[PhysX] Initialized MultithreadedTaskDispatcher with 12 workers.
 -> (artifact id: '9e489953d4dcf833d5e40abf2c323fb9') in 0.157017 seconds
Number of updated asset objects reloaded before import = 0
Number of asset objects unloaded after import = 259
========================================================================
Received Import Request.
  Time since last request: 3.088025 seconds.
  path: Assets/AssetsFromAssetStore/UrsaAnimation/LOW POLY CUBIC - Goat and Sheep Pack/Prefabs_Standard/SK_Sheep_cream.prefab
  artifactKey: Guid(0322c9b0c4f4d93418d648ec9405b63d) Importer(815301076,1909f56bfc062723c751e8b465ee728b)
Start importing Assets/AssetsFromAssetStore/UrsaAnimation/LOW POLY CUBIC - Goat and Sheep Pack/Prefabs_Standard/SK_Sheep_cream.prefab using Guid(0322c9b0c4f4d93418d648ec9405b63d) Importer(815301076,1909f56bfc062723c751e8b465ee728b) [PhysX] Initialized MultithreadedTaskDispatcher with 12 workers.
[PhysX] Initialized MultithreadedTaskDispatcher with 12 workers.
 -> (artifact id: '1cb51c916b424947e095f4e01e1d35b5') in 0.092489 seconds
Number of updated asset objects reloaded before import = 0
Number of asset objects unloaded after import = 215
========================================================================
Received Import Request.
  Time since last request: 17.498391 seconds.
  path: Assets/AssetsFromAssetStore/UrsaAnimation/LOW POLY CUBIC - Goat and Sheep Pack/Prefabs_Standard/SK_Sheep_dark.prefab
  artifactKey: Guid(7ac0f4727b8b02d4b8fd471d4dc47304) Importer(815301076,1909f56bfc062723c751e8b465ee728b)
Start importing Assets/AssetsFromAssetStore/UrsaAnimation/LOW POLY CUBIC - Goat and Sheep Pack/Prefabs_Standard/SK_Sheep_dark.prefab using Guid(7ac0f4727b8b02d4b8fd471d4dc47304) Importer(815301076,1909f56bfc062723c751e8b465ee728b) [PhysX] Initialized MultithreadedTaskDispatcher with 12 workers.
[PhysX] Initialized MultithreadedTaskDispatcher with 12 workers.
 -> (artifact id: '430eeef06772ee0ebe370a336f39c727') in 0.036116 seconds
Number of updated asset objects reloaded before import = 0
Number of asset objects unloaded after import = 215
========================================================================
Received Import Request.
  Time since last request: 3.669490 seconds.
  path: Assets/AssetsFromAssetStore/UrsaAnimation/LOW POLY CUBIC - Goat and Sheep Pack/Prefabs_Standard/SK_Sheep_white.prefab
  artifactKey: Guid(c36cdfacfaab1584c887c605bc8e7b2f) Importer(815301076,1909f56bfc062723c751e8b465ee728b)
Start importing Assets/AssetsFromAssetStore/UrsaAnimation/LOW POLY CUBIC - Goat and Sheep Pack/Prefabs_Standard/SK_Sheep_white.prefab using Guid(c36cdfacfaab1584c887c605bc8e7b2f) Importer(815301076,1909f56bfc062723c751e8b465ee728b) [PhysX] Initialized MultithreadedTaskDispatcher with 12 workers.
[PhysX] Initialized MultithreadedTaskDispatcher with 12 workers.
 -> (artifact id: '362ed9f65cb88dfb334360bebf42e4c5') in 0.168914 seconds
Number of updated asset objects reloaded before import = 0
Number of asset objects unloaded after import = 215
========================================================================
Received Import Request.
  Time since last request: 8.699596 seconds.
  path: Assets/AssetsFromAssetStore/UrsaAnimation/LOW POLY CUBIC - Goat and Sheep Pack/Prefabs_URP/SK_Goat_dark.prefab
  artifactKey: Guid(3edcf70af3303894482eb673a57b1198) Importer(815301076,1909f56bfc062723c751e8b465ee728b)
Start importing Assets/AssetsFromAssetStore/UrsaAnimation/LOW POLY CUBIC - Goat and Sheep Pack/Prefabs_URP/SK_Goat_dark.prefab using Guid(3edcf70af3303894482eb673a57b1198) Importer(815301076,1909f56bfc062723c751e8b465ee728b) [PhysX] Initialized MultithreadedTaskDispatcher with 12 workers.
[PhysX] Initialized MultithreadedTaskDispatcher with 12 workers.
 -> (artifact id: '9df8b69f839e0fd670cc3193ce49a040') in 0.180237 seconds
Number of updated asset objects reloaded before import = 0
Number of asset objects unloaded after import = 257
========================================================================
Received Import Request.
  Time since last request: 0.000020 seconds.
  path: Assets/AssetsFromAssetStore/UrsaAnimation/LOW POLY CUBIC - Goat and Sheep Pack/Prefabs_URP/SK_Sheep_cream.prefab
  artifactKey: Guid(d4d6ee78313566d4fb5c9a6ce2e66e80) Importer(815301076,1909f56bfc062723c751e8b465ee728b)
Start importing Assets/AssetsFromAssetStore/UrsaAnimation/LOW POLY CUBIC - Goat and Sheep Pack/Prefabs_URP/SK_Sheep_cream.prefab using Guid(d4d6ee78313566d4fb5c9a6ce2e66e80) Importer(815301076,1909f56bfc062723c751e8b465ee728b) [PhysX] Initialized MultithreadedTaskDispatcher with 12 workers.
[PhysX] Initialized MultithreadedTaskDispatcher with 12 workers.
 -> (artifact id: 'dfaeb7e0fb3c7da1aa798c6762eb6481') in 0.092471 seconds
Number of updated asset objects reloaded before import = 0
Number of asset objects unloaded after import = 213
========================================================================
Received Import Request.
  Time since last request: 0.000024 seconds.
  path: Assets/AssetsFromAssetStore/UrsaAnimation/LOW POLY CUBIC - Goat and Sheep Pack/Prefabs_URP/SK_Sheep_dark.prefab
  artifactKey: Guid(89340c34cb7cd124883d3f31b9835bfd) Importer(815301076,1909f56bfc062723c751e8b465ee728b)
Start importing Assets/AssetsFromAssetStore/UrsaAnimation/LOW POLY CUBIC - Goat and Sheep Pack/Prefabs_URP/SK_Sheep_dark.prefab using Guid(89340c34cb7cd124883d3f31b9835bfd) Importer(815301076,1909f56bfc062723c751e8b465ee728b) [PhysX] Initialized MultithreadedTaskDispatcher with 12 workers.
[PhysX] Initialized MultithreadedTaskDispatcher with 12 workers.
 -> (artifact id: '2012f5fee61fda00da764253c9f1ca3f') in 0.037502 seconds
Number of updated asset objects reloaded before import = 0
Number of asset objects unloaded after import = 213
========================================================================
Received Import Request.
  Time since last request: 5.806760 seconds.
  path: Assets/AssetsFromAssetStore/UrsaAnimation/LOW POLY CUBIC - Goat and Sheep Pack/Texture/AnimalFarmTexture.png
  artifactKey: Guid(62465f0c0ce6b8d41afb089a7ef04c75) Importer(815301076,1909f56bfc062723c751e8b465ee728b)
Start importing Assets/AssetsFromAssetStore/UrsaAnimation/LOW POLY CUBIC - Goat and Sheep Pack/Texture/AnimalFarmTexture.png using Guid(62465f0c0ce6b8d41afb089a7ef04c75) Importer(815301076,1909f56bfc062723c751e8b465ee728b) [PhysX] Initialized MultithreadedTaskDispatcher with 12 workers.
[PhysX] Initialized MultithreadedTaskDispatcher with 12 workers.
 -> (artifact id: '501d0437a2157337f3fe48316a5ff69e') in 0.030560 seconds
Number of updated asset objects reloaded before import = 0
Number of asset objects unloaded after import = 2
========================================================================
Received Import Request.
  Time since last request: 6.511096 seconds.
  path: Assets/AssetsFromAssetStore/VanillaArt_MeadevilPack_FREE/Materials/barre_01l_wood.mat
  artifactKey: Guid(21336316c1953c841ac00b019570ff43) Importer(815301076,1909f56bfc062723c751e8b465ee728b)
Start importing Assets/AssetsFromAssetStore/VanillaArt_MeadevilPack_FREE/Materials/barre_01l_wood.mat using Guid(21336316c1953c841ac00b019570ff43) Importer(815301076,1909f56bfc062723c751e8b465ee728b) [PhysX] Initialized MultithreadedTaskDispatcher with 12 workers.
[PhysX] Initialized MultithreadedTaskDispatcher with 12 workers.
 -> (artifact id: 'dd85c8240bc7814c2e09b8fd064833d2') in 0.025096 seconds
Number of updated asset objects reloaded before import = 0
Number of asset objects unloaded after import = 2
========================================================================
Received Import Request.
  Time since last request: 0.000015 seconds.
  path: Assets/AssetsFromAssetStore/VanillaArt_MeadevilPack_FREE/Materials/Podium.mat
  artifactKey: Guid(d901ff455a2cf4a789bbb9906e84b5ec) Importer(815301076,1909f56bfc062723c751e8b465ee728b)
Start importing Assets/AssetsFromAssetStore/VanillaArt_MeadevilPack_FREE/Materials/Podium.mat using Guid(d901ff455a2cf4a789bbb9906e84b5ec) Importer(815301076,1909f56bfc062723c751e8b465ee728b) [PhysX] Initialized MultithreadedTaskDispatcher with 12 workers.
[PhysX] Initialized MultithreadedTaskDispatcher with 12 workers.
 -> (artifact id: 'a4bd98a87a933e0697053ee719eab4fd') in 0.004880 seconds
Number of updated asset objects reloaded before import = 0
Number of asset objects unloaded after import = 1
========================================================================
Received Import Request.
  Time since last request: 0.000014 seconds.
  path: Assets/AssetsFromAssetStore/VanillaArt_MeadevilPack_FREE/Materials/flower_02_top.mat
  artifactKey: Guid(49587e57e69ceb049a4aa657205dacd1) Importer(815301076,1909f56bfc062723c751e8b465ee728b)
Start importing Assets/AssetsFromAssetStore/VanillaArt_MeadevilPack_FREE/Materials/flower_02_top.mat using Guid(49587e57e69ceb049a4aa657205dacd1) Importer(815301076,1909f56bfc062723c751e8b465ee728b) [PhysX] Initialized MultithreadedTaskDispatcher with 12 workers.
[PhysX] Initialized MultithreadedTaskDispatcher with 12 workers.
 -> (artifact id: '64e51bafca11ff1e4eff1c8da87e7db3') in 0.005677 seconds
Number of updated asset objects reloaded before import = 0
Number of asset objects unloaded after import = 1
========================================================================
Received Import Request.
  Time since last request: 0.000014 seconds.
  path: Assets/AssetsFromAssetStore/VanillaArt_MeadevilPack_FREE/Materials/stairs_01.mat
  artifactKey: Guid(26c951f1ebdcbbc46a9fc064f0da613e) Importer(815301076,1909f56bfc062723c751e8b465ee728b)
Start importing Assets/AssetsFromAssetStore/VanillaArt_MeadevilPack_FREE/Materials/stairs_01.mat using Guid(26c951f1ebdcbbc46a9fc064f0da613e) Importer(815301076,1909f56bfc062723c751e8b465ee728b) [PhysX] Initialized MultithreadedTaskDispatcher with 12 workers.
[PhysX] Initialized MultithreadedTaskDispatcher with 12 workers.
 -> (artifact id: 'b476f642b45897bc59aa30ea9261307e') in 0.005449 seconds
Number of updated asset objects reloaded before import = 0
Number of asset objects unloaded after import = 1
========================================================================
Received Import Request.
  Time since last request: 0.000015 seconds.
  path: Assets/AssetsFromAssetStore/VanillaArt_MeadevilPack_FREE/Materials/house_01_light_wood.mat
  artifactKey: Guid(08fec52d580ccab4487541c9e6276f6c) Importer(815301076,1909f56bfc062723c751e8b465ee728b)
Start importing Assets/AssetsFromAssetStore/VanillaArt_MeadevilPack_FREE/Materials/house_01_light_wood.mat using Guid(08fec52d580ccab4487541c9e6276f6c) Importer(815301076,1909f56bfc062723c751e8b465ee728b) [PhysX] Initialized MultithreadedTaskDispatcher with 12 workers.
[PhysX] Initialized MultithreadedTaskDispatcher with 12 workers.
 -> (artifact id: '9b9507fcb76e2336538bf8384fccd1dc') in 0.006010 seconds
Number of updated asset objects reloaded before import = 0
Number of asset objects unloaded after import = 2
========================================================================
Received Import Request.
  Time since last request: 0.000013 seconds.
  path: Assets/AssetsFromAssetStore/VanillaArt_MeadevilPack_FREE/Materials/LeafAndGrass.mat
  artifactKey: Guid(2e1f4f8b4e5215f4890a4e42d3914941) Importer(815301076,1909f56bfc062723c751e8b465ee728b)
Start importing Assets/AssetsFromAssetStore/VanillaArt_MeadevilPack_FREE/Materials/LeafAndGrass.mat using Guid(2e1f4f8b4e5215f4890a4e42d3914941) Importer(815301076,1909f56bfc062723c751e8b465ee728b) [PhysX] Initialized MultithreadedTaskDispatcher with 12 workers.
[PhysX] Initialized MultithreadedTaskDispatcher with 12 workers.
 -> (artifact id: '697b53755eb6cfb19de2c6532e6658a8') in 0.005785 seconds
Number of updated asset objects reloaded before import = 0
Number of asset objects unloaded after import = 1
========================================================================
Received Import Request.
  Time since last request: 0.000016 seconds.
  path: Assets/AssetsFromAssetStore/VanillaArt_MeadevilPack_FREE/Materials/flower_center.mat
  artifactKey: Guid(084a8e0b8bc1d5142a434c5f70dd89d8) Importer(815301076,1909f56bfc062723c751e8b465ee728b)
Start importing Assets/AssetsFromAssetStore/VanillaArt_MeadevilPack_FREE/Materials/flower_center.mat using Guid(084a8e0b8bc1d5142a434c5f70dd89d8) Importer(815301076,1909f56bfc062723c751e8b465ee728b) [PhysX] Initialized MultithreadedTaskDispatcher with 12 workers.
[PhysX] Initialized MultithreadedTaskDispatcher with 12 workers.
 -> (artifact id: '0dd21175f63b240f16fa6aade4a61210') in 0.004848 seconds
Number of updated asset objects reloaded before import = 0
Number of asset objects unloaded after import = 1
========================================================================
Received Import Request.
  Time since last request: 0.000012 seconds.
  path: Assets/AssetsFromAssetStore/VanillaArt_MeadevilPack_FREE/Materials/stones.mat
  artifactKey: Guid(822f476ca3b34b743b52c359fc26200f) Importer(815301076,1909f56bfc062723c751e8b465ee728b)
Start importing Assets/AssetsFromAssetStore/VanillaArt_MeadevilPack_FREE/Materials/stones.mat using Guid(822f476ca3b34b743b52c359fc26200f) Importer(815301076,1909f56bfc062723c751e8b465ee728b) [PhysX] Initialized MultithreadedTaskDispatcher with 12 workers.
[PhysX] Initialized MultithreadedTaskDispatcher with 12 workers.
 -> (artifact id: 'f8bdf0285d41a7daa8a228360e584fd5') in 0.005997 seconds
Number of updated asset objects reloaded before import = 0
Number of asset objects unloaded after import = 1
========================================================================
Received Import Request.
  Time since last request: 0.000016 seconds.
  path: Assets/AssetsFromAssetStore/VanillaArt_MeadevilPack_FREE/Materials/trailway.mat
  artifactKey: Guid(9136449bef2d2c942a08e20a7809c2dc) Importer(815301076,1909f56bfc062723c751e8b465ee728b)
Start importing Assets/AssetsFromAssetStore/VanillaArt_MeadevilPack_FREE/Materials/trailway.mat using Guid(9136449bef2d2c942a08e20a7809c2dc) Importer(815301076,1909f56bfc062723c751e8b465ee728b) [PhysX] Initialized MultithreadedTaskDispatcher with 12 workers.
[PhysX] Initialized MultithreadedTaskDispatcher with 12 workers.
 -> (artifact id: 'e38eb38ed53c214bf4e82e0fa07e6b2e') in 0.006050 seconds
Number of updated asset objects reloaded before import = 0
Number of asset objects unloaded after import = 1
========================================================================
Received Import Request.
  Time since last request: 0.000026 seconds.
  path: Assets/AssetsFromAssetStore/VanillaArt_MeadevilPack_FREE/Materials/flower_03_Albedo.mat
  artifactKey: Guid(d0acdb497b650e34cb50e02ac881625d) Importer(815301076,1909f56bfc062723c751e8b465ee728b)
Start importing Assets/AssetsFromAssetStore/VanillaArt_MeadevilPack_FREE/Materials/flower_03_Albedo.mat using Guid(d0acdb497b650e34cb50e02ac881625d) Importer(815301076,1909f56bfc062723c751e8b465ee728b) [PhysX] Initialized MultithreadedTaskDispatcher with 12 workers.
[PhysX] Initialized MultithreadedTaskDispatcher with 12 workers.
 -> (artifact id: '73ade6b50d72d8dc5d014a2b105ed873') in 0.008175 seconds
Number of updated asset objects reloaded before import = 0
Number of asset objects unloaded after import = 2
========================================================================
Received Import Request.
  Time since last request: 0.000021 seconds.
  path: Assets/AssetsFromAssetStore/VanillaArt_MeadevilPack_FREE/Materials/house_01_pipe.mat
  artifactKey: Guid(35bca24f9c1901a488a923d8e55e5756) Importer(815301076,1909f56bfc062723c751e8b465ee728b)
Start importing Assets/AssetsFromAssetStore/VanillaArt_MeadevilPack_FREE/Materials/house_01_pipe.mat using Guid(35bca24f9c1901a488a923d8e55e5756) Importer(815301076,1909f56bfc062723c751e8b465ee728b) [PhysX] Initialized MultithreadedTaskDispatcher with 12 workers.
[PhysX] Initialized MultithreadedTaskDispatcher with 12 workers.
 -> (artifact id: '7f5b5f4fcff0fdf2f668837ca28f270a') in 0.007406 seconds
Number of updated asset objects reloaded before import = 0
Number of asset objects unloaded after import = 2
========================================================================
Received Import Request.
  Time since last request: 0.000028 seconds.
  path: Assets/AssetsFromAssetStore/VanillaArt_MeadevilPack_FREE/Materials/cart_01_secondary.mat
  artifactKey: Guid(b2e30ea042cc66d4dae0b668b75bdae2) Importer(815301076,1909f56bfc062723c751e8b465ee728b)
Start importing Assets/AssetsFromAssetStore/VanillaArt_MeadevilPack_FREE/Materials/cart_01_secondary.mat using Guid(b2e30ea042cc66d4dae0b668b75bdae2) Importer(815301076,1909f56bfc062723c751e8b465ee728b) [PhysX] Initialized MultithreadedTaskDispatcher with 12 workers.
[PhysX] Initialized MultithreadedTaskDispatcher with 12 workers.
 -> (artifact id: 'bdf9ef63b688928bb8e3ba4e846c43c7') in 0.009585 seconds
Number of updated asset objects reloaded before import = 0
Number of asset objects unloaded after import = 2
========================================================================
Received Import Request.
  Time since last request: 0.000013 seconds.
  path: Assets/AssetsFromAssetStore/VanillaArt_MeadevilPack_FREE/Materials/flower_01_top.mat
  artifactKey: Guid(9dac8c4109475fb46b0d42c0c058e0bd) Importer(815301076,1909f56bfc062723c751e8b465ee728b)
Start importing Assets/AssetsFromAssetStore/VanillaArt_MeadevilPack_FREE/Materials/flower_01_top.mat using Guid(9dac8c4109475fb46b0d42c0c058e0bd) Importer(815301076,1909f56bfc062723c751e8b465ee728b) [PhysX] Initialized MultithreadedTaskDispatcher with 12 workers.
[PhysX] Initialized MultithreadedTaskDispatcher with 12 workers.
 -> (artifact id: 'af1b4ea96ff779624c5f6dd6391f0007') in 0.005217 seconds
Number of updated asset objects reloaded before import = 0
Number of asset objects unloaded after import = 1
========================================================================
Received Import Request.
  Time since last request: 0.000016 seconds.
  path: Assets/AssetsFromAssetStore/VanillaArt_MeadevilPack_FREE/Materials/cart_01_metal.mat
  artifactKey: Guid(5a6c928af12c1634facd0ed9c8013eb0) Importer(815301076,1909f56bfc062723c751e8b465ee728b)
Start importing Assets/AssetsFromAssetStore/VanillaArt_MeadevilPack_FREE/Materials/cart_01_metal.mat using Guid(5a6c928af12c1634facd0ed9c8013eb0) Importer(815301076,1909f56bfc062723c751e8b465ee728b) [PhysX] Initialized MultithreadedTaskDispatcher with 12 workers.
[PhysX] Initialized MultithreadedTaskDispatcher with 12 workers.
 -> (artifact id: 'a47dd51345f127d543b82b9e9148dbd6') in 0.006501 seconds
Number of updated asset objects reloaded before import = 0
Number of asset objects unloaded after import = 2
========================================================================
Received Import Request.
  Time since last request: 0.055545 seconds.
  path: Assets/AssetsFromAssetStore/VanillaArt_MeadevilPack_FREE/Models/barrel_01.fbx
  artifactKey: Guid(9c6137d15694f5d46b0629929ae01273) Importer(815301076,1909f56bfc062723c751e8b465ee728b)
Start importing Assets/AssetsFromAssetStore/VanillaArt_MeadevilPack_FREE/Models/barrel_01.fbx using Guid(9c6137d15694f5d46b0629929ae01273) Importer(815301076,1909f56bfc062723c751e8b465ee728b) [PhysX] Initialized MultithreadedTaskDispatcher with 12 workers.
[PhysX] Initialized MultithreadedTaskDispatcher with 12 workers.
[PhysX] Initialized MultithreadedTaskDispatcher with 12 workers.
[PhysX] Initialized MultithreadedTaskDispatcher with 12 workers.
[PhysX] Initialized MultithreadedTaskDispatcher with 12 workers.
[PhysX] Initialized MultithreadedTaskDispatcher with 12 workers.
[PhysX] Initialized MultithreadedTaskDispatcher with 12 workers.
[PhysX] Initialized MultithreadedTaskDispatcher with 12 workers.
[PhysX] Initialized MultithreadedTaskDispatcher with 12 workers.
[PhysX] Initialized MultithreadedTaskDispatcher with 12 workers.
 -> (artifact id: 'bda3b689430053e4d4d229b5bae37203') in 0.039948 seconds
Number of updated asset objects reloaded before import = 0
Number of asset objects unloaded after import = 23
========================================================================
Received Import Request.
  Time since last request: 0.000019 seconds.
  path: Assets/AssetsFromAssetStore/VanillaArt_MeadevilPack_FREE/Models/trailway_01.fbx
  artifactKey: Guid(f67a5b37bea489940a7a92ebf6768157) Importer(815301076,1909f56bfc062723c751e8b465ee728b)
Start importing Assets/AssetsFromAssetStore/VanillaArt_MeadevilPack_FREE/Models/trailway_01.fbx using Guid(f67a5b37bea489940a7a92ebf6768157) Importer(815301076,1909f56bfc062723c751e8b465ee728b) [PhysX] Initialized MultithreadedTaskDispatcher with 12 workers.
[PhysX] Initialized MultithreadedTaskDispatcher with 12 workers.
[PhysX] Initialized MultithreadedTaskDispatcher with 12 workers.
[PhysX] Initialized MultithreadedTaskDispatcher with 12 workers.
 -> (artifact id: '5f24e357fc21d37fee78e26cff473a20') in 0.011631 seconds
Number of updated asset objects reloaded before import = 0
Number of asset objects unloaded after import = 8
========================================================================
Received Import Request.
  Time since last request: 0.000015 seconds.
  path: Assets/AssetsFromAssetStore/VanillaArt_MeadevilPack_FREE/Models/landscape_03.fbx
  artifactKey: Guid(7be2942267ca8df44adb41be8fb8a144) Importer(815301076,1909f56bfc062723c751e8b465ee728b)
Start importing Assets/AssetsFromAssetStore/VanillaArt_MeadevilPack_FREE/Models/landscape_03.fbx using Guid(7be2942267ca8df44adb41be8fb8a144) Importer(815301076,1909f56bfc062723c751e8b465ee728b) [PhysX] Initialized MultithreadedTaskDispatcher with 12 workers.
[PhysX] Initialized MultithreadedTaskDispatcher with 12 workers.
[PhysX] Initialized MultithreadedTaskDispatcher with 12 workers.
 -> (artifact id: '38207c9195ad24edbb03cd525dd38ae9') in 0.010884 seconds
Number of updated asset objects reloaded before import = 0
Number of asset objects unloaded after import = 7
========================================================================
Received Import Request.
  Time since last request: 0.000014 seconds.
  path: Assets/AssetsFromAssetStore/VanillaArt_MeadevilPack_FREE/Models/flower_02.fbx
  artifactKey: Guid(bb10ad058288afb4baf0e8111627bfd4) Importer(815301076,1909f56bfc062723c751e8b465ee728b)
Start importing Assets/AssetsFromAssetStore/VanillaArt_MeadevilPack_FREE/Models/flower_02.fbx using Guid(bb10ad058288afb4baf0e8111627bfd4) Importer(815301076,1909f56bfc062723c751e8b465ee728b) [PhysX] Initialized MultithreadedTaskDispatcher with 12 workers.
[PhysX] Initialized MultithreadedTaskDispatcher with 12 workers.
[PhysX] Initialized MultithreadedTaskDispatcher with 12 workers.
[PhysX] Initialized MultithreadedTaskDispatcher with 12 workers.
[PhysX] Initialized MultithreadedTaskDispatcher with 12 workers.
[PhysX] Initialized MultithreadedTaskDispatcher with 12 workers.
[PhysX] Initialized MultithreadedTaskDispatcher with 12 workers.
 -> (artifact id: 'a0b661d52b8a9601cb8d43a5fce003d7') in 0.022454 seconds
Number of updated asset objects reloaded before import = 0
Number of asset objects unloaded after import = 17
========================================================================
Received Import Request.
  Time since last request: 0.000013 seconds.
  path: Assets/AssetsFromAssetStore/VanillaArt_MeadevilPack_FREE/Models/trailway_02.fbx
  artifactKey: Guid(8a6603d42d59edf4e806b69843e5ffcd) Importer(815301076,1909f56bfc062723c751e8b465ee728b)
Start importing Assets/AssetsFromAssetStore/VanillaArt_MeadevilPack_FREE/Models/trailway_02.fbx using Guid(8a6603d42d59edf4e806b69843e5ffcd) Importer(815301076,1909f56bfc062723c751e8b465ee728b) [PhysX] Initialized MultithreadedTaskDispatcher with 12 workers.
[PhysX] Initialized MultithreadedTaskDispatcher with 12 workers.
[PhysX] Initialized MultithreadedTaskDispatcher with 12 workers.
[PhysX] Initialized MultithreadedTaskDispatcher with 12 workers.
 -> (artifact id: '95644cb04622d22aee914e8db60ae29c') in 0.012605 seconds
Number of updated asset objects reloaded before import = 0
Number of asset objects unloaded after import = 8
========================================================================
Received Import Request.
  Time since last request: 0.000016 seconds.
  path: Assets/AssetsFromAssetStore/VanillaArt_MeadevilPack_FREE/Models/stone_01.fbx
  artifactKey: Guid(95a06f06a0ae78a45b998f0dbccbf94a) Importer(815301076,1909f56bfc062723c751e8b465ee728b)
Start importing Assets/AssetsFromAssetStore/VanillaArt_MeadevilPack_FREE/Models/stone_01.fbx using Guid(95a06f06a0ae78a45b998f0dbccbf94a) Importer(815301076,1909f56bfc062723c751e8b465ee728b) [PhysX] Initialized MultithreadedTaskDispatcher with 12 workers.
[PhysX] Initialized MultithreadedTaskDispatcher with 12 workers.
[PhysX] Initialized MultithreadedTaskDispatcher with 12 workers.
 -> (artifact id: '3d89fd6ef4c269f32e9b00c32db1c09c') in 0.008409 seconds
Number of updated asset objects reloaded before import = 0
Number of asset objects unloaded after import = 7
========================================================================
Received Import Request.
  Time since last request: 0.000012 seconds.
  path: Assets/AssetsFromAssetStore/VanillaArt_MeadevilPack_FREE/Models/little_stone_01.fbx
  artifactKey: Guid(140170d8881f72c4ea261cbe63d34eac) Importer(815301076,1909f56bfc062723c751e8b465ee728b)
Start importing Assets/AssetsFromAssetStore/VanillaArt_MeadevilPack_FREE/Models/little_stone_01.fbx using Guid(140170d8881f72c4ea261cbe63d34eac) Importer(815301076,1909f56bfc062723c751e8b465ee728b) [PhysX] Initialized MultithreadedTaskDispatcher with 12 workers.
[PhysX] Initialized MultithreadedTaskDispatcher with 12 workers.
[PhysX] Initialized MultithreadedTaskDispatcher with 12 workers.
 -> (artifact id: 'ce09a476eac825abbd14d7ef3e952897') in 0.008640 seconds
Number of updated asset objects reloaded before import = 0
Number of asset objects unloaded after import = 7
========================================================================
Received Import Request.
  Time since last request: 0.000020 seconds.
  path: Assets/AssetsFromAssetStore/VanillaArt_MeadevilPack_FREE/Models/trailway_02_closed_01.fbx
  artifactKey: Guid(cca806a1c4c8a2c44812c40988f1a721) Importer(815301076,1909f56bfc062723c751e8b465ee728b)
Start importing Assets/AssetsFromAssetStore/VanillaArt_MeadevilPack_FREE/Models/trailway_02_closed_01.fbx using Guid(cca806a1c4c8a2c44812c40988f1a721) Importer(815301076,1909f56bfc062723c751e8b465ee728b) [PhysX] Initialized MultithreadedTaskDispatcher with 12 workers.
[PhysX] Initialized MultithreadedTaskDispatcher with 12 workers.
[PhysX] Initialized MultithreadedTaskDispatcher with 12 workers.
[PhysX] Initialized MultithreadedTaskDispatcher with 12 workers.
 -> (artifact id: 'd0d2d159233c82871b1ef5a3cda321ac') in 0.013381 seconds
Number of updated asset objects reloaded before import = 0
Number of asset objects unloaded after import = 8
========================================================================
Received Import Request.
  Time since last request: 0.000024 seconds.
  path: Assets/AssetsFromAssetStore/VanillaArt_MeadevilPack_FREE/Models/house_01.fbx
  artifactKey: Guid(9dc4b88754cb6534e8e22097b7e84e48) Importer(815301076,1909f56bfc062723c751e8b465ee728b)
Start importing Assets/AssetsFromAssetStore/VanillaArt_MeadevilPack_FREE/Models/house_01.fbx using Guid(9dc4b88754cb6534e8e22097b7e84e48) Importer(815301076,1909f56bfc062723c751e8b465ee728b) [PhysX] Initialized MultithreadedTaskDispatcher with 12 workers.
[PhysX] Initialized MultithreadedTaskDispatcher with 12 workers.
[PhysX] Initialized MultithreadedTaskDispatcher with 12 workers.
[PhysX] Initialized MultithreadedTaskDispatcher with 12 workers.
[PhysX] Initialized MultithreadedTaskDispatcher with 12 workers.
[PhysX] Initialized MultithreadedTaskDispatcher with 12 workers.
[PhysX] Initialized MultithreadedTaskDispatcher with 12 workers.
[PhysX] Initialized MultithreadedTaskDispatcher with 12 workers.
[PhysX] Initialized MultithreadedTaskDispatcher with 12 workers.
[PhysX] Initialized MultithreadedTaskDispatcher with 12 workers.
[PhysX] Initialized MultithreadedTaskDispatcher with 12 workers.
[PhysX] Initialized MultithreadedTaskDispatcher with 12 workers.
[PhysX] Initialized MultithreadedTaskDispatcher with 12 workers.
[PhysX] Initialized MultithreadedTaskDispatcher with 12 workers.
[PhysX] Initialized MultithreadedTaskDispatcher with 12 workers.
[PhysX] Initialized MultithreadedTaskDispatcher with 12 workers.
[PhysX] Initialized MultithreadedTaskDispatcher with 12 workers.
[PhysX] Initialized MultithreadedTaskDispatcher with 12 workers.
[PhysX] Initialized MultithreadedTaskDispatcher with 12 workers.
[PhysX] Initialized MultithreadedTaskDispatcher with 12 workers.
[PhysX] Initialized MultithreadedTaskDispatcher with 12 workers.
[PhysX] Initialized MultithreadedTaskDispatcher with 12 workers.
[PhysX] Initialized MultithreadedTaskDispatcher with 12 workers.
[PhysX] Initialized MultithreadedTaskDispatcher with 12 workers.
[PhysX] Initialized MultithreadedTaskDispatcher with 12 workers.
[PhysX] Initialized MultithreadedTaskDispatcher with 12 workers.
[PhysX] Initialized MultithreadedTaskDispatcher with 12 workers.
[PhysX] Initialized MultithreadedTaskDispatcher with 12 workers.
[PhysX] Initialized MultithreadedTaskDispatcher with 12 workers.
[PhysX] Initialized MultithreadedTaskDispatcher with 12 workers.
[PhysX] Initialized MultithreadedTaskDispatcher with 12 workers.
[PhysX] Initialized MultithreadedTaskDispatcher with 12 workers.
[PhysX] Initialized MultithreadedTaskDispatcher with 12 workers.
[PhysX] Initialized MultithreadedTaskDispatcher with 12 workers.
[PhysX] Initialized MultithreadedTaskDispatcher with 12 workers.
 -> (artifact id: 'b9783389715fc2ccaa078edc47fcb54a') in 0.107016 seconds
Number of updated asset objects reloaded before import = 0
Number of asset objects unloaded after import = 127
========================================================================
Received Import Request.
  Time since last request: 0.000014 seconds.
  path: Assets/AssetsFromAssetStore/VanillaArt_MeadevilPack_FREE/Models/flower_01.fbx
  artifactKey: Guid(ef910aff3f044b14caf601370a353ec3) Importer(815301076,1909f56bfc062723c751e8b465ee728b)
Start importing Assets/AssetsFromAssetStore/VanillaArt_MeadevilPack_FREE/Models/flower_01.fbx using Guid(ef910aff3f044b14caf601370a353ec3) Importer(815301076,1909f56bfc062723c751e8b465ee728b) [PhysX] Initialized MultithreadedTaskDispatcher with 12 workers.
[PhysX] Initialized MultithreadedTaskDispatcher with 12 workers.
[PhysX] Initialized MultithreadedTaskDispatcher with 12 workers.
[PhysX] Initialized MultithreadedTaskDispatcher with 12 workers.
[PhysX] Initialized MultithreadedTaskDispatcher with 12 workers.
[PhysX] Initialized MultithreadedTaskDispatcher with 12 workers.
[PhysX] Initialized MultithreadedTaskDispatcher with 12 workers.
[PhysX] Initialized MultithreadedTaskDispatcher with 12 workers.
[PhysX] Initialized MultithreadedTaskDispatcher with 12 workers.
 -> (artifact id: '86ce446a4d02245b2be9169c5983b9e2') in 0.029546 seconds
Number of updated asset objects reloaded before import = 0
Number of asset objects unloaded after import = 22
========================================================================
Received Import Request.
  Time since last request: 0.000013 seconds.
  path: Assets/AssetsFromAssetStore/VanillaArt_MeadevilPack_FREE/Models/tree_05.fbx
  artifactKey: Guid(40ddd02c6bf614a45b99b61c12c5399c) Importer(815301076,1909f56bfc062723c751e8b465ee728b)
Start importing Assets/AssetsFromAssetStore/VanillaArt_MeadevilPack_FREE/Models/tree_05.fbx using Guid(40ddd02c6bf614a45b99b61c12c5399c) Importer(815301076,1909f56bfc062723c751e8b465ee728b) [PhysX] Initialized MultithreadedTaskDispatcher with 12 workers.
[PhysX] Initialized MultithreadedTaskDispatcher with 12 workers.
[PhysX] Initialized MultithreadedTaskDispatcher with 12 workers.
[PhysX] Initialized MultithreadedTaskDispatcher with 12 workers.
[PhysX] Initialized MultithreadedTaskDispatcher with 12 workers.
[PhysX] Initialized MultithreadedTaskDispatcher with 12 workers.
 -> (artifact id: 'd02bbea2e2afd2c6b953b87641147b44') in 0.016706 seconds
Number of updated asset objects reloaded before import = 0
Number of asset objects unloaded after import = 14
========================================================================
Received Import Request.
  Time since last request: 0.952251 seconds.
  path: Assets/AssetsFromAssetStore/VanillaArt_MeadevilPack_FREE/Prefabs/ReadyToGame/3planks_01.prefab
  artifactKey: Guid(c0192026fedc71147bba86c7caa25cd3) Importer(815301076,1909f56bfc062723c751e8b465ee728b)
Start importing Assets/AssetsFromAssetStore/VanillaArt_MeadevilPack_FREE/Prefabs/ReadyToGame/3planks_01.prefab using Guid(c0192026fedc71147bba86c7caa25cd3) Importer(815301076,1909f56bfc062723c751e8b465ee728b) [PhysX] Initialized MultithreadedTaskDispatcher with 12 workers.
[PhysX] Initialized MultithreadedTaskDispatcher with 12 workers.
 -> (artifact id: '44de37f63d0d6edaaa48f6abbfc353b8') in 0.007425 seconds
Number of updated asset objects reloaded before import = 0
Number of asset objects unloaded after import = 20
========================================================================
Received Import Request.
  Time since last request: 0.000016 seconds.
  path: Assets/AssetsFromAssetStore/VanillaArt_MeadevilPack_FREE/Prefabs/ReadyToGame/fence_08.prefab
  artifactKey: Guid(b7803faee2893e9488d3c943ba5944ca) Importer(815301076,1909f56bfc062723c751e8b465ee728b)
Start importing Assets/AssetsFromAssetStore/VanillaArt_MeadevilPack_FREE/Prefabs/ReadyToGame/fence_08.prefab using Guid(b7803faee2893e9488d3c943ba5944ca) Importer(815301076,1909f56bfc062723c751e8b465ee728b) [PhysX] Initialized MultithreadedTaskDispatcher with 12 workers.
[PhysX] Initialized MultithreadedTaskDispatcher with 12 workers.
 -> (artifact id: '88c6294c5d41ce05ede9d18b404aef9c') in 0.006703 seconds
Number of updated asset objects reloaded before import = 0
Number of asset objects unloaded after import = 20
========================================================================
Received Import Request.
  Time since last request: 0.000027 seconds.
  path: Assets/AssetsFromAssetStore/VanillaArt_MeadevilPack_FREE/Prefabs/ReadyToGame/tree_02.prefab
  artifactKey: Guid(af0bed822f9e6d04ca3a89c011d44142) Importer(815301076,1909f56bfc062723c751e8b465ee728b)
Start importing Assets/AssetsFromAssetStore/VanillaArt_MeadevilPack_FREE/Prefabs/ReadyToGame/tree_02.prefab using Guid(af0bed822f9e6d04ca3a89c011d44142) Importer(815301076,1909f56bfc062723c751e8b465ee728b) [PhysX] Initialized MultithreadedTaskDispatcher with 12 workers.
[PhysX] Initialized MultithreadedTaskDispatcher with 12 workers.
 -> (artifact id: '66499cdf4fe5296f2281097993e95f61') in 0.006796 seconds
Number of updated asset objects reloaded before import = 0
Number of asset objects unloaded after import = 16
========================================================================
Received Import Request.
  Time since last request: 0.000022 seconds.
  path: Assets/AssetsFromAssetStore/VanillaArt_MeadevilPack_FREE/Prefabs/ReadyToGame/little_stone_01.prefab
  artifactKey: Guid(502c111240dcc8347b74d82f997d35a6) Importer(815301076,1909f56bfc062723c751e8b465ee728b)
Start importing Assets/AssetsFromAssetStore/VanillaArt_MeadevilPack_FREE/Prefabs/ReadyToGame/little_stone_01.prefab using Guid(502c111240dcc8347b74d82f997d35a6) Importer(815301076,1909f56bfc062723c751e8b465ee728b) [PhysX] Initialized MultithreadedTaskDispatcher with 12 workers.
[PhysX] Initialized MultithreadedTaskDispatcher with 12 workers.
 -> (artifact id: '495edbf00a1086966562cc8c2be781e7') in 0.006272 seconds
Number of updated asset objects reloaded before import = 0
Number of asset objects unloaded after import = 8
========================================================================
Received Import Request.
  Time since last request: 0.000013 seconds.
  path: Assets/AssetsFromAssetStore/VanillaArt_MeadevilPack_FREE/Prefabs/ReadyToGame/grass_02.prefab
  artifactKey: Guid(82283b9f91bc48a409e19206bb89d528) Importer(815301076,1909f56bfc062723c751e8b465ee728b)
Start importing Assets/AssetsFromAssetStore/VanillaArt_MeadevilPack_FREE/Prefabs/ReadyToGame/grass_02.prefab using Guid(82283b9f91bc48a409e19206bb89d528) Importer(815301076,1909f56bfc062723c751e8b465ee728b) [PhysX] Initialized MultithreadedTaskDispatcher with 12 workers.
[PhysX] Initialized MultithreadedTaskDispatcher with 12 workers.
 -> (artifact id: '2476db08d37271773537ee684eed7248') in 0.006533 seconds
Number of updated asset objects reloaded before import = 0
Number of asset objects unloaded after import = 8
========================================================================
Received Import Request.
  Time since last request: 0.000015 seconds.
  path: Assets/AssetsFromAssetStore/VanillaArt_MeadevilPack_FREE/Prefabs/ReadyToGame/flower_02.prefab
  artifactKey: Guid(bc8fd101120683c478ba6672d19545d3) Importer(815301076,1909f56bfc062723c751e8b465ee728b)
Start importing Assets/AssetsFromAssetStore/VanillaArt_MeadevilPack_FREE/Prefabs/ReadyToGame/flower_02.prefab using Guid(bc8fd101120683c478ba6672d19545d3) Importer(815301076,1909f56bfc062723c751e8b465ee728b) [PhysX] Initialized MultithreadedTaskDispatcher with 12 workers.
[PhysX] Initialized MultithreadedTaskDispatcher with 12 workers.
 -> (artifact id: '808720fa528cc455fbacfdba7d0533c7') in 0.007940 seconds
Number of updated asset objects reloaded before import = 0
Number of asset objects unloaded after import = 20
========================================================================
Received Import Request.
  Time since last request: 0.000019 seconds.
  path: Assets/AssetsFromAssetStore/VanillaArt_MeadevilPack_FREE/Prefabs/ReadyToGame/flower_01.prefab
  artifactKey: Guid(a6b5d41519eefeb46be3660d3a128ead) Importer(815301076,1909f56bfc062723c751e8b465ee728b)
Start importing Assets/AssetsFromAssetStore/VanillaArt_MeadevilPack_FREE/Prefabs/ReadyToGame/flower_01.prefab using Guid(a6b5d41519eefeb46be3660d3a128ead) Importer(815301076,1909f56bfc062723c751e8b465ee728b) [PhysX] Initialized MultithreadedTaskDispatcher with 12 workers.
[PhysX] Initialized MultithreadedTaskDispatcher with 12 workers.
 -> (artifact id: '14c43450a2e94b2d0f524e60540981f1') in 0.007780 seconds
Number of updated asset objects reloaded before import = 0
Number of asset objects unloaded after import = 26
========================================================================
Received Import Request.
  Time since last request: 0.000014 seconds.
  path: Assets/AssetsFromAssetStore/VanillaArt_MeadevilPack_FREE/Prefabs/ReadyToGame/stairs_01.prefab
  artifactKey: Guid(86d67c8980bc4cd4f847b3877b973f07) Importer(815301076,1909f56bfc062723c751e8b465ee728b)
Start importing Assets/AssetsFromAssetStore/VanillaArt_MeadevilPack_FREE/Prefabs/ReadyToGame/stairs_01.prefab using Guid(86d67c8980bc4cd4f847b3877b973f07) Importer(815301076,1909f56bfc062723c751e8b465ee728b) [PhysX] Initialized MultithreadedTaskDispatcher with 12 workers.
[PhysX] Initialized MultithreadedTaskDispatcher with 12 workers.
 -> (artifact id: 'a69260affa51039818be4102cb61f0db') in 0.013469 seconds
Number of updated asset objects reloaded before import = 0
Number of asset objects unloaded after import = 8
========================================================================
Received Import Request.
  Time since last request: 0.000014 seconds.
  path: Assets/AssetsFromAssetStore/VanillaArt_MeadevilPack_FREE/Prefabs/ReadyToGame/stone_06.prefab
  artifactKey: Guid(d9ad1c471a9c2dd47802fd6a681ecd3d) Importer(815301076,1909f56bfc062723c751e8b465ee728b)
Start importing Assets/AssetsFromAssetStore/VanillaArt_MeadevilPack_FREE/Prefabs/ReadyToGame/stone_06.prefab using Guid(d9ad1c471a9c2dd47802fd6a681ecd3d) Importer(815301076,1909f56bfc062723c751e8b465ee728b) [PhysX] Initialized MultithreadedTaskDispatcher with 12 workers.
[PhysX] Initialized MultithreadedTaskDispatcher with 12 workers.
 -> (artifact id: 'f55e4bf22a1e19bfe8b8fa49cc2ad841') in 0.006728 seconds
Number of updated asset objects reloaded before import = 0
Number of asset objects unloaded after import = 8
========================================================================
Received Import Request.
  Time since last request: 0.000012 seconds.
  path: Assets/AssetsFromAssetStore/VanillaArt_MeadevilPack_FREE/Prefabs/ReadyToGame/fence_03.prefab
  artifactKey: Guid(495f91368d81cca4499246edbd1c847e) Importer(815301076,1909f56bfc062723c751e8b465ee728b)
Start importing Assets/AssetsFromAssetStore/VanillaArt_MeadevilPack_FREE/Prefabs/ReadyToGame/fence_03.prefab using Guid(495f91368d81cca4499246edbd1c847e) Importer(815301076,1909f56bfc062723c751e8b465ee728b) [PhysX] Initialized MultithreadedTaskDispatcher with 12 workers.
[PhysX] Initialized MultithreadedTaskDispatcher with 12 workers.
 -> (artifact id: 'd59d226f649155d9b01028e077582a8d') in 0.006893 seconds
Number of updated asset objects reloaded before import = 0
Number of asset objects unloaded after import = 25
========================================================================
Received Import Request.
  Time since last request: 0.000015 seconds.
  path: Assets/AssetsFromAssetStore/VanillaArt_MeadevilPack_FREE/Prefabs/ReadyToGame/tree_04.prefab
  artifactKey: Guid(04170d48deaefc84b854ff023892abb9) Importer(815301076,1909f56bfc062723c751e8b465ee728b)
Start importing Assets/AssetsFromAssetStore/VanillaArt_MeadevilPack_FREE/Prefabs/ReadyToGame/tree_04.prefab using Guid(04170d48deaefc84b854ff023892abb9) Importer(815301076,1909f56bfc062723c751e8b465ee728b) [PhysX] Initialized MultithreadedTaskDispatcher with 12 workers.
[PhysX] Initialized MultithreadedTaskDispatcher with 12 workers.
 -> (artifact id: '4ea6b64098cfbc7cc4fb1bf8cd7f4e23') in 0.015212 seconds
Number of updated asset objects reloaded before import = 0
Number of asset objects unloaded after import = 16
========================================================================
Received Import Request.
  Time since last request: 0.000028 seconds.
  path: Assets/AssetsFromAssetStore/VanillaArt_MeadevilPack_FREE/Prefabs/ReadyToGame/fance_11.prefab
  artifactKey: Guid(98e3619974dd73b4096091fd08c93b88) Importer(815301076,1909f56bfc062723c751e8b465ee728b)
Start importing Assets/AssetsFromAssetStore/VanillaArt_MeadevilPack_FREE/Prefabs/ReadyToGame/fance_11.prefab using Guid(98e3619974dd73b4096091fd08c93b88) Importer(815301076,1909f56bfc062723c751e8b465ee728b) [PhysX] Initialized MultithreadedTaskDispatcher with 12 workers.
[PhysX] Initialized MultithreadedTaskDispatcher with 12 workers.
 -> (artifact id: '1e8d1315b18f2376a3eb1df5c2537264') in 0.009213 seconds
Number of updated asset objects reloaded before import = 0
Number of asset objects unloaded after import = 20
========================================================================
Received Import Request.
  Time since last request: 0.000028 seconds.
  path: Assets/AssetsFromAssetStore/VanillaArt_MeadevilPack_FREE/Prefabs/ReadyToGame/stone_05.prefab
  artifactKey: Guid(7e33217e41d0c724ea714e3afbefc971) Importer(815301076,1909f56bfc062723c751e8b465ee728b)
Start importing Assets/AssetsFromAssetStore/VanillaArt_MeadevilPack_FREE/Prefabs/ReadyToGame/stone_05.prefab using Guid(7e33217e41d0c724ea714e3afbefc971) Importer(815301076,1909f56bfc062723c751e8b465ee728b) [PhysX] Initialized MultithreadedTaskDispatcher with 12 workers.
[PhysX] Initialized MultithreadedTaskDispatcher with 12 workers.
 -> (artifact id: '85fe0e3a0de6b2aad3e8b7d960f2c139') in 0.006646 seconds
Number of updated asset objects reloaded before import = 0
Number of asset objects unloaded after import = 8
========================================================================
Received Import Request.
  Time since last request: 0.596620 seconds.
  path: Assets/AssetsFromAssetStore/VanillaArt_MeadevilPack_FREE/Prefabs/SoloObjects/landscape_01.prefab
  artifactKey: Guid(bc2a2d2cea686b94b9a5d935732119c6) Importer(815301076,1909f56bfc062723c751e8b465ee728b)
Start importing Assets/AssetsFromAssetStore/VanillaArt_MeadevilPack_FREE/Prefabs/SoloObjects/landscape_01.prefab using Guid(bc2a2d2cea686b94b9a5d935732119c6) Importer(815301076,1909f56bfc062723c751e8b465ee728b) [PhysX] Initialized MultithreadedTaskDispatcher with 12 workers.
[PhysX] Initialized MultithreadedTaskDispatcher with 12 workers.
 -> (artifact id: 'eccf044679c2a5555634344d93414d8a') in 0.007284 seconds
Number of updated asset objects reloaded before import = 0
Number of asset objects unloaded after import = 8
========================================================================
Received Import Request.
  Time since last request: 0.000016 seconds.
  path: Assets/AssetsFromAssetStore/VanillaArt_MeadevilPack_FREE/Prefabs/SoloObjects/plank_05.prefab
  artifactKey: Guid(579dc985001cd4d4e93be6391fd912b5) Importer(815301076,1909f56bfc062723c751e8b465ee728b)
Start importing Assets/AssetsFromAssetStore/VanillaArt_MeadevilPack_FREE/Prefabs/SoloObjects/plank_05.prefab using Guid(579dc985001cd4d4e93be6391fd912b5) Importer(815301076,1909f56bfc062723c751e8b465ee728b) [PhysX] Initialized MultithreadedTaskDispatcher with 12 workers.
[PhysX] Initialized MultithreadedTaskDispatcher with 12 workers.
 -> (artifact id: 'a39df84a2402c4400629341d447082a8') in 0.005972 seconds
Number of updated asset objects reloaded before import = 0
Number of asset objects unloaded after import = 8
========================================================================
Received Import Request.
  Time since last request: 0.000026 seconds.
  path: Assets/AssetsFromAssetStore/VanillaArt_MeadevilPack_FREE/Prefabs/SoloObjects/plank_01.prefab
  artifactKey: Guid(819046b4e90d9c24e93ec241ae2315c5) Importer(815301076,1909f56bfc062723c751e8b465ee728b)
Start importing Assets/AssetsFromAssetStore/VanillaArt_MeadevilPack_FREE/Prefabs/SoloObjects/plank_01.prefab using Guid(819046b4e90d9c24e93ec241ae2315c5) Importer(815301076,1909f56bfc062723c751e8b465ee728b) [PhysX] Initialized MultithreadedTaskDispatcher with 12 workers.
[PhysX] Initialized MultithreadedTaskDispatcher with 12 workers.
 -> (artifact id: 'df756fec7798f0749483cc48aff90aea') in 0.007191 seconds
Number of updated asset objects reloaded before import = 0
Number of asset objects unloaded after import = 8
========================================================================
Received Import Request.
  Time since last request: 0.000016 seconds.
  path: Assets/AssetsFromAssetStore/VanillaArt_MeadevilPack_FREE/Prefabs/SoloObjects/plank_07.prefab
  artifactKey: Guid(fe7f4b8622f50874c8838a6606d4b6a2) Importer(815301076,1909f56bfc062723c751e8b465ee728b)
Start importing Assets/AssetsFromAssetStore/VanillaArt_MeadevilPack_FREE/Prefabs/SoloObjects/plank_07.prefab using Guid(fe7f4b8622f50874c8838a6606d4b6a2) Importer(815301076,1909f56bfc062723c751e8b465ee728b) [PhysX] Initialized MultithreadedTaskDispatcher with 12 workers.
[PhysX] Initialized MultithreadedTaskDispatcher with 12 workers.
 -> (artifact id: '15e81401a1eb4ef21c2dfdecd4e104e5') in 0.007704 seconds
Number of updated asset objects reloaded before import = 0
Number of asset objects unloaded after import = 8
========================================================================
Received Import Request.
  Time since last request: 0.000017 seconds.
  path: Assets/AssetsFromAssetStore/VanillaArt_MeadevilPack_FREE/Prefabs/SoloObjects/trailway_01.prefab
  artifactKey: Guid(a63212f11356af64bb8604c90dbab474) Importer(815301076,1909f56bfc062723c751e8b465ee728b)
Start importing Assets/AssetsFromAssetStore/VanillaArt_MeadevilPack_FREE/Prefabs/SoloObjects/trailway_01.prefab using Guid(a63212f11356af64bb8604c90dbab474) Importer(815301076,1909f56bfc062723c751e8b465ee728b) [PhysX] Initialized MultithreadedTaskDispatcher with 12 workers.
[PhysX] Initialized MultithreadedTaskDispatcher with 12 workers.
 -> (artifact id: '304539f939c165a42448a879e04cd2bc') in 0.008200 seconds
Number of updated asset objects reloaded before import = 0
Number of asset objects unloaded after import = 8
========================================================================
Received Import Request.
  Time since last request: 0.000013 seconds.
  path: Assets/AssetsFromAssetStore/VanillaArt_MeadevilPack_FREE/Prefabs/SoloObjects/trailway_02.prefab
  artifactKey: Guid(7260cea2cdebe7b42aa736197382eeb6) Importer(815301076,1909f56bfc062723c751e8b465ee728b)
Start importing Assets/AssetsFromAssetStore/VanillaArt_MeadevilPack_FREE/Prefabs/SoloObjects/trailway_02.prefab using Guid(7260cea2cdebe7b42aa736197382eeb6) Importer(815301076,1909f56bfc062723c751e8b465ee728b) [PhysX] Initialized MultithreadedTaskDispatcher with 12 workers.
[PhysX] Initialized MultithreadedTaskDispatcher with 12 workers.
 -> (artifact id: 'b04e6274f6c83d1da4ed3ff01ea1c380') in 0.007273 seconds
Number of updated asset objects reloaded before import = 0
Number of asset objects unloaded after import = 8
========================================================================
Received Import Request.
  Time since last request: 1.469391 seconds.
  path: Assets/AssetsFromAssetStore/VanillaArt_MeadevilPack_FREE/Textures/barrel_01_AO.png
  artifactKey: Guid(40d4b0fd12c051a48a77b5d1bdeabf8c) Importer(815301076,1909f56bfc062723c751e8b465ee728b)
Start importing Assets/AssetsFromAssetStore/VanillaArt_MeadevilPack_FREE/Textures/barrel_01_AO.png using Guid(40d4b0fd12c051a48a77b5d1bdeabf8c) Importer(815301076,1909f56bfc062723c751e8b465ee728b) [PhysX] Initialized MultithreadedTaskDispatcher with 12 workers.
[PhysX] Initialized MultithreadedTaskDispatcher with 12 workers.
 -> (artifact id: 'b530f5df3f8b8f202835beb51df88318') in 0.008407 seconds
Number of updated asset objects reloaded before import = 0
Number of asset objects unloaded after import = 2
========================================================================
Received Import Request.
  Time since last request: 0.000013 seconds.
  path: Assets/AssetsFromAssetStore/VanillaArt_MeadevilPack_FREE/Textures/house_01_AO.png
  artifactKey: Guid(8dfa73b09f05811498400eff8e119f3d) Importer(815301076,1909f56bfc062723c751e8b465ee728b)
Start importing Assets/AssetsFromAssetStore/VanillaArt_MeadevilPack_FREE/Textures/house_01_AO.png using Guid(8dfa73b09f05811498400eff8e119f3d) Importer(815301076,1909f56bfc062723c751e8b465ee728b) [PhysX] Initialized MultithreadedTaskDispatcher with 12 workers.
[PhysX] Initialized MultithreadedTaskDispatcher with 12 workers.
 -> (artifact id: '1c5927f890e0d1736d98e91f798668da') in 0.005866 seconds
Number of updated asset objects reloaded before import = 0
Number of asset objects unloaded after import = 2
========================================================================
Received Import Request.
  Time since last request: 0.000045 seconds.
  path: Assets/AssetsFromAssetStore/VanillaArt_MeadevilPack_FREE/Textures/flower_03_Albedo.png
  artifactKey: Guid(2731f16465f22014f8ac841379d31887) Importer(815301076,1909f56bfc062723c751e8b465ee728b)
Start importing Assets/AssetsFromAssetStore/VanillaArt_MeadevilPack_FREE/Textures/flower_03_Albedo.png using Guid(2731f16465f22014f8ac841379d31887) Importer(815301076,1909f56bfc062723c751e8b465ee728b) [PhysX] Initialized MultithreadedTaskDispatcher with 12 workers.
[PhysX] Initialized MultithreadedTaskDispatcher with 12 workers.
 -> (artifact id: 'b8b49cb4fbad09028390dffe02874e6c') in 0.005598 seconds
Number of updated asset objects reloaded before import = 0
Number of asset objects unloaded after import = 2
========================================================================
Received Import Request.
  Time since last request: 24.845608 seconds.
  path: Assets/AssetsFromAssetStore/VanillaArt_MeadevilPack_FREE/Scenes/PresentationScene.unity
  artifactKey: Guid(4839c0b98bcc7438d879247aa50389a9) Importer(815301076,1909f56bfc062723c751e8b465ee728b)
Start importing Assets/AssetsFromAssetStore/VanillaArt_MeadevilPack_FREE/Scenes/PresentationScene.unity using Guid(4839c0b98bcc7438d879247aa50389a9) Importer(815301076,1909f56bfc062723c751e8b465ee728b) [PhysX] Initialized MultithreadedTaskDispatcher with 12 workers.
 -> (artifact id: 'e056b3c4d24db6507862e9f6cd7bbf76') in 0.001012 seconds
Number of updated asset objects reloaded before import = 0
Number of asset objects unloaded after import = 0
========================================================================
Received Import Request.
  Time since last request: 2.773424 seconds.
  path: Assets/AssetsFromAssetStore/VanillaArt_MeadevilPack_FREE/Scenes/EveryObjectScene.unity
  artifactKey: Guid(7105f41b7e9f7494ea060b30672b2fc9) Importer(815301076,1909f56bfc062723c751e8b465ee728b)
Start importing Assets/AssetsFromAssetStore/VanillaArt_MeadevilPack_FREE/Scenes/EveryObjectScene.unity using Guid(7105f41b7e9f7494ea060b30672b2fc9) Importer(815301076,1909f56bfc062723c751e8b465ee728b) [PhysX] Initialized MultithreadedTaskDispatcher with 12 workers.
 -> (artifact id: '5b70e7e7a7bf5ea4aefc29c32f223ee6') in 0.000731 seconds
Number of updated asset objects reloaded before import = 0
Number of asset objects unloaded after import = 0
